Wed May 19 04:40:39 JST 2021
MaxEnt version 3.4.1
Reading file Back_swd.csv
readGrid: max memory 514850816, total allocated 514850816, free 479804336, used 35046480, increment 35046480
Reading samples from Sp_swd.csv
Read samples: max memory 514850816, total allocated 514850816, free 458245560, used 56605256, increment 21558776
Making features
makeFeatures: max memory 514850816, total allocated 514850816, free 452855792, used 61995024, increment 5389768
Command line used:  environmentallayers=GuloGulo/models/GuloGuloFirstModeling/m_39511188/Back_swd.csv samplesfile=GuloGulo/models/GuloGuloFirstModeling/m_39511188/Sp_swd.csv projectionlayers=GuloGulo/models/GuloGuloFirstModeling/m_39511188/Predictions/Pred_swd.csv outputdirectory=GuloGulo/models/GuloGuloFirstModeling/GuloGulo_AllData_RUN1_MAXENT.Phillips_outputs outputformat=logistic redoifexists visible=FALSE linear=TRUE quadratic=TRUE product=TRUE threshold=TRUE hinge=TRUE lq2lqptthreshold=80 l2lqthreshold=10 hingethreshold=15 beta_threshold=-1 beta_categorical=-1 beta_lqp=-1 beta_hinge=-1 betamultiplier=1 defaultprevalence=0.5 autorun nowarnings notooltips noaddsamplestobackground
Command line to repeat: java density.MaxEnt nowarnings noprefixes outputformat=logistic outputdirectory=GuloGulo/models/GuloGuloFirstModeling/GuloGulo_AllData_RUN1_MAXENT.Phillips_outputs projectionlayers=GuloGulo/models/GuloGuloFirstModeling/m_39511188/Predictions/Pred_swd.csv samplesfile=GuloGulo/models/GuloGuloFirstModeling/m_39511188/Sp_swd.csv environmentallayers=GuloGulo/models/GuloGuloFirstModeling/m_39511188/Back_swd.csv nowarnings notooltips noaskoverwrite threshold noaddsamplestobackground autorun novisible
Species: GuloGulo_AllData_RUN1
Layers: bio11 bio12 bio3 bio4 bio7
Layertypes: Continuous Continuous Continuous Continuous Continuous
outputformat: logistic
outputdirectory: GuloGulo/models/GuloGuloFirstModeling/GuloGulo_AllData_RUN1_MAXENT.Phillips_outputs
projectionlayers: GuloGulo/models/GuloGuloFirstModeling/m_39511188/Predictions/Pred_swd.csv
samplesfile: GuloGulo/models/GuloGuloFirstModeling/m_39511188/Sp_swd.csv
environmentallayers: GuloGulo/models/GuloGuloFirstModeling/m_39511188/Back_swd.csv
warnings: false
tooltips: false
askoverwrite: false
threshold: true
addsamplestobackground: false
autorun: true
visible: false

getSamples: max memory 514850816, total allocated 514850816, free 452855792, used 61995024, increment 0
GuloGulo_AllData_RUN1: 
Regularization values: linear/quadratic/product: 0.050, categorical: 0.250, threshold: 1.000, hinge: 0.500
529 samples
Density: max memory 514850816, total allocated 514850816, free 447074064, used 67776752, increment 5781728
linearPredictor: max memory 514850816, total allocated 514850816, free 447074064, used 67776752, increment 0
FeaturedSpace: max memory 514850816, total allocated 514850816, free 447074064, used 67776752, increment 0
Sequential: max memory 514850816, total allocated 514850816, free 447074064, used 67776752, increment 0
Initial loss: 7.2875606403097235
Time since start: 1.594
500: time = 1.501000 loss = -47.361228
Resulting gain: 54.64878839848047
Time since start: 2.672
Projecting...
Writing file GuloGulo/models/GuloGuloFirstModeling/GuloGulo_AllData_RUN1_MAXENT.Phillips_outputs/GuloGulo_AllData_RUN1.csv
Projecting...
Reading file Pred_swd.csv
readGrid: max memory 479723520, total allocated 479723520, free 457761544, used 21961976, increment -45814776
Writing file GuloGulo/models/GuloGuloFirstModeling/GuloGulo_AllData_RUN1_MAXENT.Phillips_outputs/GuloGulo_AllData_RUN1_Pred_swd.csv
Writing file GuloGulo/models/GuloGuloFirstModeling/GuloGulo_AllData_RUN1_MAXENT.Phillips_outputs/GuloGulo_AllData_RUN1_Pred_swd_clamping.csv
Ending
