Wed May 19 04:41:25 JST 2021
MaxEnt version 3.4.1
Reading file Back_swd.csv
readGrid: max memory 514850816, total allocated 514850816, free 479804280, used 35046536, increment 35046536
Reading samples from Sp_swd.csv
Read samples: max memory 514850816, total allocated 514850816, free 458245560, used 56605256, increment 21558720
Making features
makeFeatures: max memory 514850816, total allocated 514850816, free 452855824, used 61994992, increment 5389736
Command line used:  environmentallayers=GuloGulo/models/GuloGuloFirstModeling/m_25641134/Back_swd.csv samplesfile=GuloGulo/models/GuloGuloFirstModeling/m_25641134/Sp_swd.csv projectionlayers=GuloGulo/models/GuloGuloFirstModeling/m_25641134/Predictions/Pred_swd.csv outputdirectory=GuloGulo/models/GuloGuloFirstModeling/GuloGulo_AllData_RUN2_MAXENT.Phillips_outputs outputformat=logistic redoifexists visible=FALSE linear=TRUE quadratic=TRUE product=TRUE threshold=TRUE hinge=TRUE lq2lqptthreshold=80 l2lqthreshold=10 hingethreshold=15 beta_threshold=-1 beta_categorical=-1 beta_lqp=-1 beta_hinge=-1 betamultiplier=1 defaultprevalence=0.5 autorun nowarnings notooltips noaddsamplestobackground
Command line to repeat: java density.MaxEnt nowarnings noprefixes outputformat=logistic outputdirectory=GuloGulo/models/GuloGuloFirstModeling/GuloGulo_AllData_RUN2_MAXENT.Phillips_outputs projectionlayers=GuloGulo/models/GuloGuloFirstModeling/m_25641134/Predictions/Pred_swd.csv samplesfile=GuloGulo/models/GuloGuloFirstModeling/m_25641134/Sp_swd.csv environmentallayers=GuloGulo/models/GuloGuloFirstModeling/m_25641134/Back_swd.csv nowarnings notooltips noaskoverwrite threshold noaddsamplestobackground autorun novisible
Species: GuloGulo_AllData_RUN2
Layers: bio11 bio12 bio3 bio4 bio7
Layertypes: Continuous Continuous Continuous Continuous Continuous
outputformat: logistic
outputdirectory: GuloGulo/models/GuloGuloFirstModeling/GuloGulo_AllData_RUN2_MAXENT.Phillips_outputs
projectionlayers: GuloGulo/models/GuloGuloFirstModeling/m_25641134/Predictions/Pred_swd.csv
samplesfile: GuloGulo/models/GuloGuloFirstModeling/m_25641134/Sp_swd.csv
environmentallayers: GuloGulo/models/GuloGuloFirstModeling/m_25641134/Back_swd.csv
warnings: false
tooltips: false
askoverwrite: false
threshold: true
addsamplestobackground: false
autorun: true
visible: false

getSamples: max memory 514850816, total allocated 514850816, free 452855824, used 61994992, increment 0
GuloGulo_AllData_RUN2: 
Regularization values: linear/quadratic/product: 0.050, categorical: 0.250, threshold: 1.000, hinge: 0.500
529 samples
Density: max memory 514850816, total allocated 514850816, free 447089440, used 67761376, increment 5766384
linearPredictor: max memory 514850816, total allocated 514850816, free 447089440, used 67761376, increment 0
FeaturedSpace: max memory 514850816, total allocated 514850816, free 447089440, used 67761376, increment 0
Sequential: max memory 514850816, total allocated 514850816, free 447089440, used 67761376, increment 0
Initial loss: 7.2875606403097235
Time since start: 1.56
500: time = 1.465000 loss = -52.074740
Resulting gain: 59.3623005494428
Projecting...
Writing file GuloGulo/models/GuloGuloFirstModeling/GuloGulo_AllData_RUN2_MAXENT.Phillips_outputs/GuloGulo_AllData_RUN2.csv
Projecting...
Reading file Pred_swd.csv
readGrid: max memory 479723520, total allocated 479723520, free 459694376, used 20029144, increment -47732232
Writing file GuloGulo/models/GuloGuloFirstModeling/GuloGulo_AllData_RUN2_MAXENT.Phillips_outputs/GuloGulo_AllData_RUN2_Pred_swd.csv
Writing file GuloGulo/models/GuloGuloFirstModeling/GuloGulo_AllData_RUN2_MAXENT.Phillips_outputs/GuloGulo_AllData_RUN2_Pred_swd_clamping.csv
Time since start: 2.585
Ending
