* installing *source* package ‘haven’ ...
** this is package ‘haven’ version ‘2.5.5’
** package ‘haven’ successfully unpacked and MD5 sums checked
** using staged installation
Found pkg-config cflags and libs!
Using PKG_CFLAGS=
Using PKG_LIBS=-lz
** libs
using C compiler: ‘cc (Ubuntu 11.4.0-1ubuntu1~22.04.3) 11.4.0’
using C++ compiler: ‘g++ (Ubuntu 11.4.0-1ubuntu1~22.04.3) 11.4.0’
cc -I"/usr/share/R/include" -DNDEBUG  -I'/home/gueguema/R/x86_64-pc-linux-gnu-library/4.6/cpp11/include'    -Ireadstat -DHAVE_ZLIB -fpic  -g -O2 -ffile-prefix-map=/build/r-base-oO8drT/r-base-4.6.0=. -fstack-protector-strong -Wformat -Werror=format-security -Wdate-time -D_FORTIFY_SOURCE=2  -c tagged_na.c -o tagged_na.o
cc -I"/usr/share/R/include" -DNDEBUG  -I'/home/gueguema/R/x86_64-pc-linux-gnu-library/4.6/cpp11/include'    -Ireadstat -DHAVE_ZLIB -fpic  -g -O2 -ffile-prefix-map=/build/r-base-oO8drT/r-base-4.6.0=. -fstack-protector-strong -Wformat -Werror=format-security -Wdate-time -D_FORTIFY_SOURCE=2  -c readstat/CKHashTable.c -o readstat/CKHashTable.o
cc -I"/usr/share/R/include" -DNDEBUG  -I'/home/gueguema/R/x86_64-pc-linux-gnu-library/4.6/cpp11/include'    -Ireadstat -DHAVE_ZLIB -fpic  -g -O2 -ffile-prefix-map=/build/r-base-oO8drT/r-base-4.6.0=. -fstack-protector-strong -Wformat -Werror=format-security -Wdate-time -D_FORTIFY_SOURCE=2  -c readstat/readstat_bits.c -o readstat/readstat_bits.o
cc -I"/usr/share/R/include" -DNDEBUG  -I'/home/gueguema/R/x86_64-pc-linux-gnu-library/4.6/cpp11/include'    -Ireadstat -DHAVE_ZLIB -fpic  -g -O2 -ffile-prefix-map=/build/r-base-oO8drT/r-base-4.6.0=. -fstack-protector-strong -Wformat -Werror=format-security -Wdate-time -D_FORTIFY_SOURCE=2  -c readstat/readstat_convert.c -o readstat/readstat_convert.o
cc -I"/usr/share/R/include" -DNDEBUG  -I'/home/gueguema/R/x86_64-pc-linux-gnu-library/4.6/cpp11/include'    -Ireadstat -DHAVE_ZLIB -fpic  -g -O2 -ffile-prefix-map=/build/r-base-oO8drT/r-base-4.6.0=. -fstack-protector-strong -Wformat -Werror=format-security -Wdate-time -D_FORTIFY_SOURCE=2  -c readstat/readstat_error.c -o readstat/readstat_error.o
cc -I"/usr/share/R/include" -DNDEBUG  -I'/home/gueguema/R/x86_64-pc-linux-gnu-library/4.6/cpp11/include'    -Ireadstat -DHAVE_ZLIB -fpic  -g -O2 -ffile-prefix-map=/build/r-base-oO8drT/r-base-4.6.0=. -fstack-protector-strong -Wformat -Werror=format-security -Wdate-time -D_FORTIFY_SOURCE=2  -c readstat/readstat_io_unistd.c -o readstat/readstat_io_unistd.o
cc -I"/usr/share/R/include" -DNDEBUG  -I'/home/gueguema/R/x86_64-pc-linux-gnu-library/4.6/cpp11/include'    -Ireadstat -DHAVE_ZLIB -fpic  -g -O2 -ffile-prefix-map=/build/r-base-oO8drT/r-base-4.6.0=. -fstack-protector-strong -Wformat -Werror=format-security -Wdate-time -D_FORTIFY_SOURCE=2  -c readstat/readstat_malloc.c -o readstat/readstat_malloc.o
cc -I"/usr/share/R/include" -DNDEBUG  -I'/home/gueguema/R/x86_64-pc-linux-gnu-library/4.6/cpp11/include'    -Ireadstat -DHAVE_ZLIB -fpic  -g -O2 -ffile-prefix-map=/build/r-base-oO8drT/r-base-4.6.0=. -fstack-protector-strong -Wformat -Werror=format-security -Wdate-time -D_FORTIFY_SOURCE=2  -c readstat/readstat_metadata.c -o readstat/readstat_metadata.o
cc -I"/usr/share/R/include" -DNDEBUG  -I'/home/gueguema/R/x86_64-pc-linux-gnu-library/4.6/cpp11/include'    -Ireadstat -DHAVE_ZLIB -fpic  -g -O2 -ffile-prefix-map=/build/r-base-oO8drT/r-base-4.6.0=. -fstack-protector-strong -Wformat -Werror=format-security -Wdate-time -D_FORTIFY_SOURCE=2  -c readstat/readstat_parser.c -o readstat/readstat_parser.o
cc -I"/usr/share/R/include" -DNDEBUG  -I'/home/gueguema/R/x86_64-pc-linux-gnu-library/4.6/cpp11/include'    -Ireadstat -DHAVE_ZLIB -fpic  -g -O2 -ffile-prefix-map=/build/r-base-oO8drT/r-base-4.6.0=. -fstack-protector-strong -Wformat -Werror=format-security -Wdate-time -D_FORTIFY_SOURCE=2  -c readstat/readstat_value.c -o readstat/readstat_value.o
cc -I"/usr/share/R/include" -DNDEBUG  -I'/home/gueguema/R/x86_64-pc-linux-gnu-library/4.6/cpp11/include'    -Ireadstat -DHAVE_ZLIB -fpic  -g -O2 -ffile-prefix-map=/build/r-base-oO8drT/r-base-4.6.0=. -fstack-protector-strong -Wformat -Werror=format-security -Wdate-time -D_FORTIFY_SOURCE=2  -c readstat/readstat_variable.c -o readstat/readstat_variable.o
cc -I"/usr/share/R/include" -DNDEBUG  -I'/home/gueguema/R/x86_64-pc-linux-gnu-library/4.6/cpp11/include'    -Ireadstat -DHAVE_ZLIB -fpic  -g -O2 -ffile-prefix-map=/build/r-base-oO8drT/r-base-4.6.0=. -fstack-protector-strong -Wformat -Werror=format-security -Wdate-time -D_FORTIFY_SOURCE=2  -c readstat/readstat_writer.c -o readstat/readstat_writer.o
cc -I"/usr/share/R/include" -DNDEBUG  -I'/home/gueguema/R/x86_64-pc-linux-gnu-library/4.6/cpp11/include'    -Ireadstat -DHAVE_ZLIB -fpic  -g -O2 -ffile-prefix-map=/build/r-base-oO8drT/r-base-4.6.0=. -fstack-protector-strong -Wformat -Werror=format-security -Wdate-time -D_FORTIFY_SOURCE=2  -c readstat/sas/ieee.c -o readstat/sas/ieee.o
cc -I"/usr/share/R/include" -DNDEBUG  -I'/home/gueguema/R/x86_64-pc-linux-gnu-library/4.6/cpp11/include'    -Ireadstat -DHAVE_ZLIB -fpic  -g -O2 -ffile-prefix-map=/build/r-base-oO8drT/r-base-4.6.0=. -fstack-protector-strong -Wformat -Werror=format-security -Wdate-time -D_FORTIFY_SOURCE=2  -c readstat/sas/readstat_sas.c -o readstat/sas/readstat_sas.o
cc -I"/usr/share/R/include" -DNDEBUG  -I'/home/gueguema/R/x86_64-pc-linux-gnu-library/4.6/cpp11/include'    -Ireadstat -DHAVE_ZLIB -fpic  -g -O2 -ffile-prefix-map=/build/r-base-oO8drT/r-base-4.6.0=. -fstack-protector-strong -Wformat -Werror=format-security -Wdate-time -D_FORTIFY_SOURCE=2  -c readstat/sas/readstat_sas7bcat_read.c -o readstat/sas/readstat_sas7bcat_read.o
cc -I"/usr/share/R/include" -DNDEBUG  -I'/home/gueguema/R/x86_64-pc-linux-gnu-library/4.6/cpp11/include'    -Ireadstat -DHAVE_ZLIB -fpic  -g -O2 -ffile-prefix-map=/build/r-base-oO8drT/r-base-4.6.0=. -fstack-protector-strong -Wformat -Werror=format-security -Wdate-time -D_FORTIFY_SOURCE=2  -c readstat/sas/readstat_sas7bcat_write.c -o readstat/sas/readstat_sas7bcat_write.o
cc -I"/usr/share/R/include" -DNDEBUG  -I'/home/gueguema/R/x86_64-pc-linux-gnu-library/4.6/cpp11/include'    -Ireadstat -DHAVE_ZLIB -fpic  -g -O2 -ffile-prefix-map=/build/r-base-oO8drT/r-base-4.6.0=. -fstack-protector-strong -Wformat -Werror=format-security -Wdate-time -D_FORTIFY_SOURCE=2  -c readstat/sas/readstat_sas7bdat_read.c -o readstat/sas/readstat_sas7bdat_read.o
cc -I"/usr/share/R/include" -DNDEBUG  -I'/home/gueguema/R/x86_64-pc-linux-gnu-library/4.6/cpp11/include'    -Ireadstat -DHAVE_ZLIB -fpic  -g -O2 -ffile-prefix-map=/build/r-base-oO8drT/r-base-4.6.0=. -fstack-protector-strong -Wformat -Werror=format-security -Wdate-time -D_FORTIFY_SOURCE=2  -c readstat/sas/readstat_sas7bdat_write.c -o readstat/sas/readstat_sas7bdat_write.o
cc -I"/usr/share/R/include" -DNDEBUG  -I'/home/gueguema/R/x86_64-pc-linux-gnu-library/4.6/cpp11/include'    -Ireadstat -DHAVE_ZLIB -fpic  -g -O2 -ffile-prefix-map=/build/r-base-oO8drT/r-base-4.6.0=. -fstack-protector-strong -Wformat -Werror=format-security -Wdate-time -D_FORTIFY_SOURCE=2  -c readstat/sas/readstat_sas_rle.c -o readstat/sas/readstat_sas_rle.o
cc -I"/usr/share/R/include" -DNDEBUG  -I'/home/gueguema/R/x86_64-pc-linux-gnu-library/4.6/cpp11/include'    -Ireadstat -DHAVE_ZLIB -fpic  -g -O2 -ffile-prefix-map=/build/r-base-oO8drT/r-base-4.6.0=. -fstack-protector-strong -Wformat -Werror=format-security -Wdate-time -D_FORTIFY_SOURCE=2  -c readstat/sas/readstat_xport.c -o readstat/sas/readstat_xport.o
cc -I"/usr/share/R/include" -DNDEBUG  -I'/home/gueguema/R/x86_64-pc-linux-gnu-library/4.6/cpp11/include'    -Ireadstat -DHAVE_ZLIB -fpic  -g -O2 -ffile-prefix-map=/build/r-base-oO8drT/r-base-4.6.0=. -fstack-protector-strong -Wformat -Werror=format-security -Wdate-time -D_FORTIFY_SOURCE=2  -c readstat/sas/readstat_xport_parse_format.c -o readstat/sas/readstat_xport_parse_format.o
cc -I"/usr/share/R/include" -DNDEBUG  -I'/home/gueguema/R/x86_64-pc-linux-gnu-library/4.6/cpp11/include'    -Ireadstat -DHAVE_ZLIB -fpic  -g -O2 -ffile-prefix-map=/build/r-base-oO8drT/r-base-4.6.0=. -fstack-protector-strong -Wformat -Werror=format-security -Wdate-time -D_FORTIFY_SOURCE=2  -c readstat/sas/readstat_xport_read.c -o readstat/sas/readstat_xport_read.o
cc -I"/usr/share/R/include" -DNDEBUG  -I'/home/gueguema/R/x86_64-pc-linux-gnu-library/4.6/cpp11/include'    -Ireadstat -DHAVE_ZLIB -fpic  -g -O2 -ffile-prefix-map=/build/r-base-oO8drT/r-base-4.6.0=. -fstack-protector-strong -Wformat -Werror=format-security -Wdate-time -D_FORTIFY_SOURCE=2  -c readstat/sas/readstat_xport_write.c -o readstat/sas/readstat_xport_write.o
cc -I"/usr/share/R/include" -DNDEBUG  -I'/home/gueguema/R/x86_64-pc-linux-gnu-library/4.6/cpp11/include'    -Ireadstat -DHAVE_ZLIB -fpic  -g -O2 -ffile-prefix-map=/build/r-base-oO8drT/r-base-4.6.0=. -fstack-protector-strong -Wformat -Werror=format-security -Wdate-time -D_FORTIFY_SOURCE=2  -c readstat/spss/readstat_por.c -o readstat/spss/readstat_por.o
cc -I"/usr/share/R/include" -DNDEBUG  -I'/home/gueguema/R/x86_64-pc-linux-gnu-library/4.6/cpp11/include'    -Ireadstat -DHAVE_ZLIB -fpic  -g -O2 -ffile-prefix-map=/build/r-base-oO8drT/r-base-4.6.0=. -fstack-protector-strong -Wformat -Werror=format-security -Wdate-time -D_FORTIFY_SOURCE=2  -c readstat/spss/readstat_por_parse.c -o readstat/spss/readstat_por_parse.o
cc -I"/usr/share/R/include" -DNDEBUG  -I'/home/gueguema/R/x86_64-pc-linux-gnu-library/4.6/cpp11/include'    -Ireadstat -DHAVE_ZLIB -fpic  -g -O2 -ffile-prefix-map=/build/r-base-oO8drT/r-base-4.6.0=. -fstack-protector-strong -Wformat -Werror=format-security -Wdate-time -D_FORTIFY_SOURCE=2  -c readstat/spss/readstat_por_read.c -o readstat/spss/readstat_por_read.o
cc -I"/usr/share/R/include" -DNDEBUG  -I'/home/gueguema/R/x86_64-pc-linux-gnu-library/4.6/cpp11/include'    -Ireadstat -DHAVE_ZLIB -fpic  -g -O2 -ffile-prefix-map=/build/r-base-oO8drT/r-base-4.6.0=. -fstack-protector-strong -Wformat -Werror=format-security -Wdate-time -D_FORTIFY_SOURCE=2  -c readstat/spss/readstat_por_write.c -o readstat/spss/readstat_por_write.o
cc -I"/usr/share/R/include" -DNDEBUG  -I'/home/gueguema/R/x86_64-pc-linux-gnu-library/4.6/cpp11/include'    -Ireadstat -DHAVE_ZLIB -fpic  -g -O2 -ffile-prefix-map=/build/r-base-oO8drT/r-base-4.6.0=. -fstack-protector-strong -Wformat -Werror=format-security -Wdate-time -D_FORTIFY_SOURCE=2  -c readstat/spss/readstat_sav.c -o readstat/spss/readstat_sav.o
cc -I"/usr/share/R/include" -DNDEBUG  -I'/home/gueguema/R/x86_64-pc-linux-gnu-library/4.6/cpp11/include'    -Ireadstat -DHAVE_ZLIB -fpic  -g -O2 -ffile-prefix-map=/build/r-base-oO8drT/r-base-4.6.0=. -fstack-protector-strong -Wformat -Werror=format-security -Wdate-time -D_FORTIFY_SOURCE=2  -c readstat/spss/readstat_sav_compress.c -o readstat/spss/readstat_sav_compress.o
cc -I"/usr/share/R/include" -DNDEBUG  -I'/home/gueguema/R/x86_64-pc-linux-gnu-library/4.6/cpp11/include'    -Ireadstat -DHAVE_ZLIB -fpic  -g -O2 -ffile-prefix-map=/build/r-base-oO8drT/r-base-4.6.0=. -fstack-protector-strong -Wformat -Werror=format-security -Wdate-time -D_FORTIFY_SOURCE=2  -c readstat/spss/readstat_sav_parse.c -o readstat/spss/readstat_sav_parse.o
cc -I"/usr/share/R/include" -DNDEBUG  -I'/home/gueguema/R/x86_64-pc-linux-gnu-library/4.6/cpp11/include'    -Ireadstat -DHAVE_ZLIB -fpic  -g -O2 -ffile-prefix-map=/build/r-base-oO8drT/r-base-4.6.0=. -fstack-protector-strong -Wformat -Werror=format-security -Wdate-time -D_FORTIFY_SOURCE=2  -c readstat/spss/readstat_sav_parse_mr_name.c -o readstat/spss/readstat_sav_parse_mr_name.o
cc -I"/usr/share/R/include" -DNDEBUG  -I'/home/gueguema/R/x86_64-pc-linux-gnu-library/4.6/cpp11/include'    -Ireadstat -DHAVE_ZLIB -fpic  -g -O2 -ffile-prefix-map=/build/r-base-oO8drT/r-base-4.6.0=. -fstack-protector-strong -Wformat -Werror=format-security -Wdate-time -D_FORTIFY_SOURCE=2  -c readstat/spss/readstat_sav_parse_timestamp.c -o readstat/spss/readstat_sav_parse_timestamp.o
cc -I"/usr/share/R/include" -DNDEBUG  -I'/home/gueguema/R/x86_64-pc-linux-gnu-library/4.6/cpp11/include'    -Ireadstat -DHAVE_ZLIB -fpic  -g -O2 -ffile-prefix-map=/build/r-base-oO8drT/r-base-4.6.0=. -fstack-protector-strong -Wformat -Werror=format-security -Wdate-time -D_FORTIFY_SOURCE=2  -c readstat/spss/readstat_sav_read.c -o readstat/spss/readstat_sav_read.o
cc -I"/usr/share/R/include" -DNDEBUG  -I'/home/gueguema/R/x86_64-pc-linux-gnu-library/4.6/cpp11/include'    -Ireadstat -DHAVE_ZLIB -fpic  -g -O2 -ffile-prefix-map=/build/r-base-oO8drT/r-base-4.6.0=. -fstack-protector-strong -Wformat -Werror=format-security -Wdate-time -D_FORTIFY_SOURCE=2  -c readstat/spss/readstat_sav_write.c -o readstat/spss/readstat_sav_write.o
cc -I"/usr/share/R/include" -DNDEBUG  -I'/home/gueguema/R/x86_64-pc-linux-gnu-library/4.6/cpp11/include'    -Ireadstat -DHAVE_ZLIB -fpic  -g -O2 -ffile-prefix-map=/build/r-base-oO8drT/r-base-4.6.0=. -fstack-protector-strong -Wformat -Werror=format-security -Wdate-time -D_FORTIFY_SOURCE=2  -c readstat/spss/readstat_spss.c -o readstat/spss/readstat_spss.o
cc -I"/usr/share/R/include" -DNDEBUG  -I'/home/gueguema/R/x86_64-pc-linux-gnu-library/4.6/cpp11/include'    -Ireadstat -DHAVE_ZLIB -fpic  -g -O2 -ffile-prefix-map=/build/r-base-oO8drT/r-base-4.6.0=. -fstack-protector-strong -Wformat -Werror=format-security -Wdate-time -D_FORTIFY_SOURCE=2  -c readstat/spss/readstat_spss_parse.c -o readstat/spss/readstat_spss_parse.o
cc -I"/usr/share/R/include" -DNDEBUG  -I'/home/gueguema/R/x86_64-pc-linux-gnu-library/4.6/cpp11/include'    -Ireadstat -DHAVE_ZLIB -fpic  -g -O2 -ffile-prefix-map=/build/r-base-oO8drT/r-base-4.6.0=. -fstack-protector-strong -Wformat -Werror=format-security -Wdate-time -D_FORTIFY_SOURCE=2  -c readstat/spss/readstat_zsav_compress.c -o readstat/spss/readstat_zsav_compress.o
cc -I"/usr/share/R/include" -DNDEBUG  -I'/home/gueguema/R/x86_64-pc-linux-gnu-library/4.6/cpp11/include'    -Ireadstat -DHAVE_ZLIB -fpic  -g -O2 -ffile-prefix-map=/build/r-base-oO8drT/r-base-4.6.0=. -fstack-protector-strong -Wformat -Werror=format-security -Wdate-time -D_FORTIFY_SOURCE=2  -c readstat/spss/readstat_zsav_read.c -o readstat/spss/readstat_zsav_read.o
cc -I"/usr/share/R/include" -DNDEBUG  -I'/home/gueguema/R/x86_64-pc-linux-gnu-library/4.6/cpp11/include'    -Ireadstat -DHAVE_ZLIB -fpic  -g -O2 -ffile-prefix-map=/build/r-base-oO8drT/r-base-4.6.0=. -fstack-protector-strong -Wformat -Werror=format-security -Wdate-time -D_FORTIFY_SOURCE=2  -c readstat/spss/readstat_zsav_write.c -o readstat/spss/readstat_zsav_write.o
cc -I"/usr/share/R/include" -DNDEBUG  -I'/home/gueguema/R/x86_64-pc-linux-gnu-library/4.6/cpp11/include'    -Ireadstat -DHAVE_ZLIB -fpic  -g -O2 -ffile-prefix-map=/build/r-base-oO8drT/r-base-4.6.0=. -fstack-protector-strong -Wformat -Werror=format-security -Wdate-time -D_FORTIFY_SOURCE=2  -c readstat/stata/readstat_dta.c -o readstat/stata/readstat_dta.o
cc -I"/usr/share/R/include" -DNDEBUG  -I'/home/gueguema/R/x86_64-pc-linux-gnu-library/4.6/cpp11/include'    -Ireadstat -DHAVE_ZLIB -fpic  -g -O2 -ffile-prefix-map=/build/r-base-oO8drT/r-base-4.6.0=. -fstack-protector-strong -Wformat -Werror=format-security -Wdate-time -D_FORTIFY_SOURCE=2  -c readstat/stata/readstat_dta_parse_timestamp.c -o readstat/stata/readstat_dta_parse_timestamp.o
cc -I"/usr/share/R/include" -DNDEBUG  -I'/home/gueguema/R/x86_64-pc-linux-gnu-library/4.6/cpp11/include'    -Ireadstat -DHAVE_ZLIB -fpic  -g -O2 -ffile-prefix-map=/build/r-base-oO8drT/r-base-4.6.0=. -fstack-protector-strong -Wformat -Werror=format-security -Wdate-time -D_FORTIFY_SOURCE=2  -c readstat/stata/readstat_dta_read.c -o readstat/stata/readstat_dta_read.o
cc -I"/usr/share/R/include" -DNDEBUG  -I'/home/gueguema/R/x86_64-pc-linux-gnu-library/4.6/cpp11/include'    -Ireadstat -DHAVE_ZLIB -fpic  -g -O2 -ffile-prefix-map=/build/r-base-oO8drT/r-base-4.6.0=. -fstack-protector-strong -Wformat -Werror=format-security -Wdate-time -D_FORTIFY_SOURCE=2  -c readstat/stata/readstat_dta_write.c -o readstat/stata/readstat_dta_write.o
g++ -std=gnu++20 -I"/usr/share/R/include" -DNDEBUG  -I'/home/gueguema/R/x86_64-pc-linux-gnu-library/4.6/cpp11/include'    -Ireadstat -DHAVE_ZLIB -fpic  -g -O2 -ffile-prefix-map=/build/r-base-oO8drT/r-base-4.6.0=. -fstack-protector-strong -Wformat -Werror=format-security -Wdate-time -D_FORTIFY_SOURCE=2   -c DfReader.cpp -o DfReader.o
g++ -std=gnu++20 -I"/usr/share/R/include" -DNDEBUG  -I'/home/gueguema/R/x86_64-pc-linux-gnu-library/4.6/cpp11/include'    -Ireadstat -DHAVE_ZLIB -fpic  -g -O2 -ffile-prefix-map=/build/r-base-oO8drT/r-base-4.6.0=. -fstack-protector-strong -Wformat -Werror=format-security -Wdate-time -D_FORTIFY_SOURCE=2   -c DfWriter.cpp -o DfWriter.o
g++ -std=gnu++20 -I"/usr/share/R/include" -DNDEBUG  -I'/home/gueguema/R/x86_64-pc-linux-gnu-library/4.6/cpp11/include'    -Ireadstat -DHAVE_ZLIB -fpic  -g -O2 -ffile-prefix-map=/build/r-base-oO8drT/r-base-4.6.0=. -fstack-protector-strong -Wformat -Werror=format-security -Wdate-time -D_FORTIFY_SOURCE=2   -c cpp11.cpp -o cpp11.o
g++ -std=gnu++20 -I"/usr/share/R/include" -DNDEBUG  -I'/home/gueguema/R/x86_64-pc-linux-gnu-library/4.6/cpp11/include'    -Ireadstat -DHAVE_ZLIB -fpic  -g -O2 -ffile-prefix-map=/build/r-base-oO8drT/r-base-4.6.0=. -fstack-protector-strong -Wformat -Werror=format-security -Wdate-time -D_FORTIFY_SOURCE=2   -c haven_types.cpp -o haven_types.o
g++ -std=gnu++20 -shared -L/usr/lib/R/lib -Wl,-Bsymbolic-functions -flto=auto -ffat-lto-objects -flto=auto -Wl,-z,relro -o haven.so tagged_na.o readstat/CKHashTable.o readstat/readstat_bits.o readstat/readstat_convert.o readstat/readstat_error.o readstat/readstat_io_unistd.o readstat/readstat_malloc.o readstat/readstat_metadata.o readstat/readstat_parser.o readstat/readstat_value.o readstat/readstat_variable.o readstat/readstat_writer.o readstat/sas/ieee.o readstat/sas/readstat_sas.o readstat/sas/readstat_sas7bcat_read.o readstat/sas/readstat_sas7bcat_write.o readstat/sas/readstat_sas7bdat_read.o readstat/sas/readstat_sas7bdat_write.o readstat/sas/readstat_sas_rle.o readstat/sas/readstat_xport.o readstat/sas/readstat_xport_parse_format.o readstat/sas/readstat_xport_read.o readstat/sas/readstat_xport_write.o readstat/spss/readstat_por.o readstat/spss/readstat_por_parse.o readstat/spss/readstat_por_read.o readstat/spss/readstat_por_write.o readstat/spss/readstat_sav.o readstat/spss/readstat_sav_compress.o readstat/spss/readstat_sav_parse.o readstat/spss/readstat_sav_parse_mr_name.o readstat/spss/readstat_sav_parse_timestamp.o readstat/spss/readstat_sav_read.o readstat/spss/readstat_sav_write.o readstat/spss/readstat_spss.o readstat/spss/readstat_spss_parse.o readstat/spss/readstat_zsav_compress.o readstat/spss/readstat_zsav_read.o readstat/spss/readstat_zsav_write.o readstat/stata/readstat_dta.o readstat/stata/readstat_dta_parse_timestamp.o readstat/stata/readstat_dta_read.o readstat/stata/readstat_dta_write.o DfReader.o DfWriter.o cpp11.o haven_types.o -lz -L/usr/lib/R/lib -lR
installing to /home/gueguema/Documents/_PACKAGES/biomod2/Library/00LOCK-haven/00new/haven/libs
** R
** inst
** byte-compile and prepare package for lazy loading
** help
*** installing help indices
*** copying figures
** building package indices
** installing vignettes
** testing if installed package can be loaded from temporary location
** checking absolute paths in shared objects and dynamic libraries
** testing if installed package can be loaded from final location
** testing if installed package keeps a record of temporary installation path
* DONE (haven)
