* installing *source* package ‘RPostgreSQL’ ...
** this is package ‘RPostgreSQL’ version ‘0.7-8’
** package ‘RPostgreSQL’ successfully unpacked and MD5 sums checked
** using staged installation
checking build system type... x86_64-pc-linux-gnu
checking host system type... x86_64-pc-linux-gnu
checking target system type... x86_64-pc-linux-gnu
checking for pg_config... /usr/bin/pg_config
PG_CONFIG_BINDIR = /usr/lib/postgresql/14/bin
PG_CONFIG_DOCDIR = /usr/share/doc/postgresql-doc-14
PG_CONFIG_HTMLDIR = /usr/share/doc/postgresql-doc-14
PG_CONFIG_INCLUDEDIR = /usr/include/postgresql
PG_CONFIG_PKGINCLUDEDIR = /usr/include/postgresql
PG_CONFIG_INCLUDEDIR-SERVER = /usr/include/postgresql/14/server
PG_CONFIG_LIBDIR = /usr/lib/x86_64-linux-gnu
PG_CONFIG_PKGLIBDIR = /usr/lib/postgresql/14/lib
PG_CONFIG_LOCALEDIR = /usr/share/locale
PG_CONFIG_MANDIR = /usr/share/postgresql/14/man
PG_CONFIG_SHAREDIR = /usr/share/postgresql/14
PG_CONFIG_SYSCONFDIR = /etc/postgresql-common
PG_CONFIG_PGXS = /usr/lib/postgresql/14/lib/pgxs/src/makefiles/pgxs.mk
PG_CONFIG_CONFIGURE =  '--build=x86_64-linux-gnu' '--prefix=/usr' '--includedir=${prefix}/include' '--mandir=${prefix}/share/man' '--infodir=${prefix}/share/info' '--sysconfdir=/etc' '--localstatedir=/var' '--disable-option-checking' '--disable-silent-rules' '--libdir=${prefix}/lib/x86_64-linux-gnu' '--runstatedir=/run' '--disable-maintainer-mode' '--disable-dependency-tracking' '--with-tcl' '--with-perl' '--with-python' '--with-pam' '--with-openssl' '--with-libxml' '--with-libxslt' '--mandir=/usr/share/postgresql/14/man' '--docdir=/usr/share/doc/postgresql-doc-14' '--sysconfdir=/etc/postgresql-common' '--datarootdir=/usr/share/' '--datadir=/usr/share/postgresql/14' '--bindir=/usr/lib/postgresql/14/bin' '--libdir=/usr/lib/x86_64-linux-gnu/' '--libexecdir=/usr/lib/postgresql/' '--includedir=/usr/include/postgresql/' '--with-extra-version= (Ubuntu 14.23-0ubuntu0.22.04.1)' '--enable-nls' '--enable-thread-safety' '--enable-debug' '--enable-dtrace' '--disable-rpath' '--with-uuid=e2fs' '--with-gnu-ld' '--with-gssapi' '--with-ldap' '--with-pgport=5432' '--with-system-tzdata=/usr/share/zoneinfo' 'AWK=mawk' 'MKDIR_P=/bin/mkdir -p' 'PROVE=/usr/bin/prove' 'PYTHON=/usr/bin/python3' 'TAR=/bin/tar' 'XSLTPROC=xsltproc --nonet' 'CFLAGS=-g -O2 -flto=auto -ffat-lto-objects -flto=auto -ffat-lto-objects -fstack-protector-strong cflwarnformat cflwarnerror=format-security -fno-omit-frame-pointer' 'LDFLAGS=cflwarnl,-Bsymbolic-functions -flto=auto -ffat-lto-objects -flto=auto cflwarnl,-z,relro cflwarnl,-z,now' '--enable-tap-tests' '--with-icu' '--with-llvm' 'LLVM_CONFIG=/usr/bin/llvm-config-14' 'CLANG=/usr/bin/clang-14' '--with-lz4' '--with-systemd' '--with-selinux' 'build_alias=x86_64-linux-gnu' 'CPPFLAGS=cflwarndate-time -D_FORTIFY_SOURCE=2' 'CXXFLAGS=-g -O2 -flto=auto -ffat-lto-objects -flto=auto -ffat-lto-objects -fstack-protector-strong cflwarnformat cflwarnerror=format-security'
PG_CONFIG_CC = gcc
PG_CONFIG_CPPFLAGS = cflwarndate-time -D_FORTIFY_SOURCE=2 -D_GNU_SOURCE -I/usr/include/libxml2
PG_CONFIG_CFLAGS = cflwarnall cflwarnmissing-prototypes cflwarnpointer-arith cflwarndeclaration-after-statement cflwarnerror=vla cflwarnendif-labels cflwarnmissing-format-attribute cflwarnimplicit-fallthrough=3 cflwarncast-function-type cflwarnformat-security -fno-strict-aliasing -fwrapv -fexcess-precision=standard cflwarnno-format-truncation cflwarnno-stringop-truncation -g -g -O2 -flto=auto -ffat-lto-objects -flto=auto -ffat-lto-objects -fstack-protector-strong cflwarnformat cflwarnerror=format-security -fno-omit-frame-pointer
PG_CONFIG_CFLAGS_SL = -fPIC
PG_CONFIG_LDFLAGS = cflwarnl,-Bsymbolic-functions -flto=auto -ffat-lto-objects -flto=auto cflwarnl,-z,relro cflwarnl,-z,now cflwarnl,--as-needed
PG_CONFIG_LDFLAGS_EX = 
PG_CONFIG_LDFLAGS_SL = 
PG_CONFIG_LIBS = -lpgcommon -lpgport -lselinux -llz4 -lxslt -lxml2 -lpam -lssl -lcrypto -lgssapi_krb5 -lz -lreadline -lm 
PG_CONFIG_VERSION = PostgreSQL 14.23 (Ubuntu 14.23-0ubuntu0.22.04.1)
configure: checking for PostgreSQL header files
/usr/lib/x86_64-linux-gnu
/usr/include/postgresql
cc -g -O2 -ffile-prefix-map=/build/r-base-oO8drT/r-base-4.6.0=. -fstack-protector-strong -Wformat -Werror=format-security -Wdate-time -D_FORTIFY_SOURCE=2 -I/usr/include/postgresql -L/usr/lib/x86_64-linux-gnu conftest.c -lpq -o pqconftest
./pqconftest
140023...runs fine
checking for "/usr/include/postgresql/libpq-fe.h"... yes
configure: creating ./config.status
config.status: creating src/Makevars
** libs
using C compiler: ‘cc (Ubuntu 11.4.0-1ubuntu1~22.04.3) 11.4.0’
cc -I"/usr/share/R/include" -DNDEBUG -I/usr/include/postgresql      -fpic  -g -O2 -ffile-prefix-map=/build/r-base-oO8drT/r-base-4.6.0=. -fstack-protector-strong -Wformat -Werror=format-security -Wdate-time -D_FORTIFY_SOURCE=2  -c RS-DBI.c -o RS-DBI.o
cc -I"/usr/share/R/include" -DNDEBUG -I/usr/include/postgresql      -fpic  -g -O2 -ffile-prefix-map=/build/r-base-oO8drT/r-base-4.6.0=. -fstack-protector-strong -Wformat -Werror=format-security -Wdate-time -D_FORTIFY_SOURCE=2  -c RS-PQescape.c -o RS-PQescape.o
cc -I"/usr/share/R/include" -DNDEBUG -I/usr/include/postgresql      -fpic  -g -O2 -ffile-prefix-map=/build/r-base-oO8drT/r-base-4.6.0=. -fstack-protector-strong -Wformat -Werror=format-security -Wdate-time -D_FORTIFY_SOURCE=2  -c RS-PostgreSQL.c -o RS-PostgreSQL.o
cc -I"/usr/share/R/include" -DNDEBUG -I/usr/include/postgresql      -fpic  -g -O2 -ffile-prefix-map=/build/r-base-oO8drT/r-base-4.6.0=. -fstack-protector-strong -Wformat -Werror=format-security -Wdate-time -D_FORTIFY_SOURCE=2  -c RS-pgsql-copy.c -o RS-pgsql-copy.o
cc -I"/usr/share/R/include" -DNDEBUG -I/usr/include/postgresql      -fpic  -g -O2 -ffile-prefix-map=/build/r-base-oO8drT/r-base-4.6.0=. -fstack-protector-strong -Wformat -Werror=format-security -Wdate-time -D_FORTIFY_SOURCE=2  -c RS-pgsql-getResult.c -o RS-pgsql-getResult.o
cc -I"/usr/share/R/include" -DNDEBUG -I/usr/include/postgresql      -fpic  -g -O2 -ffile-prefix-map=/build/r-base-oO8drT/r-base-4.6.0=. -fstack-protector-strong -Wformat -Werror=format-security -Wdate-time -D_FORTIFY_SOURCE=2  -c RS-pgsql-pqexec.c -o RS-pgsql-pqexec.o
cc -I"/usr/share/R/include" -DNDEBUG -I/usr/include/postgresql      -fpic  -g -O2 -ffile-prefix-map=/build/r-base-oO8drT/r-base-4.6.0=. -fstack-protector-strong -Wformat -Werror=format-security -Wdate-time -D_FORTIFY_SOURCE=2  -c RS-pgsql-pqexecparams.c -o RS-pgsql-pqexecparams.o
cc -shared -L/usr/lib/R/lib -Wl,-Bsymbolic-functions -flto=auto -ffat-lto-objects -flto=auto -Wl,-z,relro -o RPostgreSQL.so RS-DBI.o RS-PQescape.o RS-PostgreSQL.o RS-pgsql-copy.o RS-pgsql-getResult.o RS-pgsql-pqexec.o RS-pgsql-pqexecparams.o -L/usr/lib/x86_64-linux-gnu -lpq -L/usr/lib/R/lib -lR
installing to /home/gueguema/Documents/_PACKAGES/biomod2/Library/00LOCK-RPostgreSQL/00new/RPostgreSQL/libs
** R
** inst
** byte-compile and prepare package for lazy loading
** help
*** installing help indices
** building package indices
** testing if installed package can be loaded from temporary location
** checking absolute paths in shared objects and dynamic libraries
** testing if installed package can be loaded from final location
** testing if installed package keeps a record of temporary installation path
* DONE (RPostgreSQL)
