* installing *source* package ‘stars’ ...
** this is package ‘stars’ version ‘0.7-2’
** package ‘stars’ successfully unpacked and MD5 sums checked
** using staged installation
** R
** data
*** moving datasets to lazyload DB
** demo
** inst
** byte-compile and prepare package for lazy loading
dans la méthode pour ‘coerce’ avec la signature ‘"stars","Raster"’ : aucune définition de la classe “Raster” n'est trouvée
dans la méthode pour ‘coerce’ avec la signature ‘"stars_proxy","Raster"’ : aucune définition de la classe “Raster” n'est trouvée
dans la méthode pour ‘coerce’ avec la signature ‘"stars","SpatRaster"’ : aucune définition de la classe “SpatRaster” n'est trouvée
dans la méthode pour ‘coerce’ avec la signature ‘"stars_proxy","SpatRaster"’ : aucune définition de la classe “SpatRaster” n'est trouvée
dans la méthode pour ‘coerce’ avec la signature ‘"stars","STFDF"’ : aucune définition de la classe “STFDF” n'est trouvée
dans la méthode pour ‘coerce’ avec la signature ‘"stars","Spatial"’ : aucune définition de la classe “Spatial” n'est trouvée
** help
*** installing help indices
*** copying figures
** building package indices
** installing vignettes
** testing if installed package can be loaded from temporary location
** testing if installed package can be loaded from final location
** testing if installed package keeps a record of temporary installation path
* DONE (stars)
