* installing *source* package ‘raster’ ...
** this is package ‘raster’ version ‘3.6-32’
** package ‘raster’ successfully unpacked and MD5 sums checked
** using staged installation
** libs
using C compiler: ‘cc (Ubuntu 11.4.0-1ubuntu1~22.04.3) 11.4.0’
using C++ compiler: ‘g++ (Ubuntu 11.4.0-1ubuntu1~22.04.3) 11.4.0’
g++ -std=gnu++20 -I"/usr/share/R/include" -DNDEBUG  -I'/home/gueguema/R/x86_64-pc-linux-gnu-library/4.6/Rcpp/include'     -fpic  -g -O2 -ffile-prefix-map=/build/r-base-oO8drT/r-base-4.6.0=. -fstack-protector-strong -Wformat -Werror=format-security -Wdate-time -D_FORTIFY_SOURCE=2   -c RasterModule.cpp -o RasterModule.o
g++ -std=gnu++20 -I"/usr/share/R/include" -DNDEBUG  -I'/home/gueguema/R/x86_64-pc-linux-gnu-library/4.6/Rcpp/include'     -fpic  -g -O2 -ffile-prefix-map=/build/r-base-oO8drT/r-base-4.6.0=. -fstack-protector-strong -Wformat -Werror=format-security -Wdate-time -D_FORTIFY_SOURCE=2   -c RcppExports.cpp -o RcppExports.o
g++ -std=gnu++20 -I"/usr/share/R/include" -DNDEBUG  -I'/home/gueguema/R/x86_64-pc-linux-gnu-library/4.6/Rcpp/include'     -fpic  -g -O2 -ffile-prefix-map=/build/r-base-oO8drT/r-base-4.6.0=. -fstack-protector-strong -Wformat -Werror=format-security -Wdate-time -D_FORTIFY_SOURCE=2   -c aggregate.cpp -o aggregate.o
g++ -std=gnu++20 -I"/usr/share/R/include" -DNDEBUG  -I'/home/gueguema/R/x86_64-pc-linux-gnu-library/4.6/Rcpp/include'     -fpic  -g -O2 -ffile-prefix-map=/build/r-base-oO8drT/r-base-4.6.0=. -fstack-protector-strong -Wformat -Werror=format-security -Wdate-time -D_FORTIFY_SOURCE=2   -c bilinear.cpp -o bilinear.o
g++ -std=gnu++20 -I"/usr/share/R/include" -DNDEBUG  -I'/home/gueguema/R/x86_64-pc-linux-gnu-library/4.6/Rcpp/include'     -fpic  -g -O2 -ffile-prefix-map=/build/r-base-oO8drT/r-base-4.6.0=. -fstack-protector-strong -Wformat -Werror=format-security -Wdate-time -D_FORTIFY_SOURCE=2   -c broom.cpp -o broom.o
g++ -std=gnu++20 -I"/usr/share/R/include" -DNDEBUG  -I'/home/gueguema/R/x86_64-pc-linux-gnu-library/4.6/Rcpp/include'     -fpic  -g -O2 -ffile-prefix-map=/build/r-base-oO8drT/r-base-4.6.0=. -fstack-protector-strong -Wformat -Werror=format-security -Wdate-time -D_FORTIFY_SOURCE=2   -c cellRowCol.cpp -o cellRowCol.o
g++ -std=gnu++20 -I"/usr/share/R/include" -DNDEBUG  -I'/home/gueguema/R/x86_64-pc-linux-gnu-library/4.6/Rcpp/include'     -fpic  -g -O2 -ffile-prefix-map=/build/r-base-oO8drT/r-base-4.6.0=. -fstack-protector-strong -Wformat -Werror=format-security -Wdate-time -D_FORTIFY_SOURCE=2   -c clamp.cpp -o clamp.o
g++ -std=gnu++20 -I"/usr/share/R/include" -DNDEBUG  -I'/home/gueguema/R/x86_64-pc-linux-gnu-library/4.6/Rcpp/include'     -fpic  -g -O2 -ffile-prefix-map=/build/r-base-oO8drT/r-base-4.6.0=. -fstack-protector-strong -Wformat -Werror=format-security -Wdate-time -D_FORTIFY_SOURCE=2   -c distance.cpp -o distance.o
g++ -std=gnu++20 -I"/usr/share/R/include" -DNDEBUG  -I'/home/gueguema/R/x86_64-pc-linux-gnu-library/4.6/Rcpp/include'     -fpic  -g -O2 -ffile-prefix-map=/build/r-base-oO8drT/r-base-4.6.0=. -fstack-protector-strong -Wformat -Werror=format-security -Wdate-time -D_FORTIFY_SOURCE=2   -c edge.cpp -o edge.o
g++ -std=gnu++20 -I"/usr/share/R/include" -DNDEBUG  -I'/home/gueguema/R/x86_64-pc-linux-gnu-library/4.6/Rcpp/include'     -fpic  -g -O2 -ffile-prefix-map=/build/r-base-oO8drT/r-base-4.6.0=. -fstack-protector-strong -Wformat -Werror=format-security -Wdate-time -D_FORTIFY_SOURCE=2   -c focal_fun.cpp -o focal_fun.o
g++ -std=gnu++20 -I"/usr/share/R/include" -DNDEBUG  -I'/home/gueguema/R/x86_64-pc-linux-gnu-library/4.6/Rcpp/include'     -fpic  -g -O2 -ffile-prefix-map=/build/r-base-oO8drT/r-base-4.6.0=. -fstack-protector-strong -Wformat -Werror=format-security -Wdate-time -D_FORTIFY_SOURCE=2   -c focal_get.cpp -o focal_get.o
g++ -std=gnu++20 -I"/usr/share/R/include" -DNDEBUG  -I'/home/gueguema/R/x86_64-pc-linux-gnu-library/4.6/Rcpp/include'     -fpic  -g -O2 -ffile-prefix-map=/build/r-base-oO8drT/r-base-4.6.0=. -fstack-protector-strong -Wformat -Werror=format-security -Wdate-time -D_FORTIFY_SOURCE=2   -c focal_sum.cpp -o focal_sum.o
cc -I"/usr/share/R/include" -DNDEBUG  -I'/home/gueguema/R/x86_64-pc-linux-gnu-library/4.6/Rcpp/include'     -fpic  -g -O2 -ffile-prefix-map=/build/r-base-oO8drT/r-base-4.6.0=. -fstack-protector-strong -Wformat -Werror=format-security -Wdate-time -D_FORTIFY_SOURCE=2  -c geodesic.c -o geodesic.o
g++ -std=gnu++20 -I"/usr/share/R/include" -DNDEBUG  -I'/home/gueguema/R/x86_64-pc-linux-gnu-library/4.6/Rcpp/include'     -fpic  -g -O2 -ffile-prefix-map=/build/r-base-oO8drT/r-base-4.6.0=. -fstack-protector-strong -Wformat -Werror=format-security -Wdate-time -D_FORTIFY_SOURCE=2   -c getPolygons.cpp -o getPolygons.o
g++ -std=gnu++20 -I"/usr/share/R/include" -DNDEBUG  -I'/home/gueguema/R/x86_64-pc-linux-gnu-library/4.6/Rcpp/include'     -fpic  -g -O2 -ffile-prefix-map=/build/r-base-oO8drT/r-base-4.6.0=. -fstack-protector-strong -Wformat -Werror=format-security -Wdate-time -D_FORTIFY_SOURCE=2   -c layerize.cpp -o layerize.o
g++ -std=gnu++20 -I"/usr/share/R/include" -DNDEBUG  -I'/home/gueguema/R/x86_64-pc-linux-gnu-library/4.6/Rcpp/include'     -fpic  -g -O2 -ffile-prefix-map=/build/r-base-oO8drT/r-base-4.6.0=. -fstack-protector-strong -Wformat -Werror=format-security -Wdate-time -D_FORTIFY_SOURCE=2   -c memory.cpp -o memory.o
g++ -std=gnu++20 -I"/usr/share/R/include" -DNDEBUG  -I'/home/gueguema/R/x86_64-pc-linux-gnu-library/4.6/Rcpp/include'     -fpic  -g -O2 -ffile-prefix-map=/build/r-base-oO8drT/r-base-4.6.0=. -fstack-protector-strong -Wformat -Werror=format-security -Wdate-time -D_FORTIFY_SOURCE=2   -c modal.cpp -o modal.o
g++ -std=gnu++20 -I"/usr/share/R/include" -DNDEBUG  -I'/home/gueguema/R/x86_64-pc-linux-gnu-library/4.6/Rcpp/include'     -fpic  -g -O2 -ffile-prefix-map=/build/r-base-oO8drT/r-base-4.6.0=. -fstack-protector-strong -Wformat -Werror=format-security -Wdate-time -D_FORTIFY_SOURCE=2   -c ppmin.cpp -o ppmin.o
g++ -std=gnu++20 -I"/usr/share/R/include" -DNDEBUG  -I'/home/gueguema/R/x86_64-pc-linux-gnu-library/4.6/Rcpp/include'     -fpic  -g -O2 -ffile-prefix-map=/build/r-base-oO8drT/r-base-4.6.0=. -fstack-protector-strong -Wformat -Werror=format-security -Wdate-time -D_FORTIFY_SOURCE=2   -c raster_aggregate.cpp -o raster_aggregate.o
g++ -std=gnu++20 -I"/usr/share/R/include" -DNDEBUG  -I'/home/gueguema/R/x86_64-pc-linux-gnu-library/4.6/Rcpp/include'     -fpic  -g -O2 -ffile-prefix-map=/build/r-base-oO8drT/r-base-4.6.0=. -fstack-protector-strong -Wformat -Werror=format-security -Wdate-time -D_FORTIFY_SOURCE=2   -c raster_distance.cpp -o raster_distance.o
g++ -std=gnu++20 -I"/usr/share/R/include" -DNDEBUG  -I'/home/gueguema/R/x86_64-pc-linux-gnu-library/4.6/Rcpp/include'     -fpic  -g -O2 -ffile-prefix-map=/build/r-base-oO8drT/r-base-4.6.0=. -fstack-protector-strong -Wformat -Werror=format-security -Wdate-time -D_FORTIFY_SOURCE=2   -c rasterize.cpp -o rasterize.o
g++ -std=gnu++20 -I"/usr/share/R/include" -DNDEBUG  -I'/home/gueguema/R/x86_64-pc-linux-gnu-library/4.6/Rcpp/include'     -fpic  -g -O2 -ffile-prefix-map=/build/r-base-oO8drT/r-base-4.6.0=. -fstack-protector-strong -Wformat -Werror=format-security -Wdate-time -D_FORTIFY_SOURCE=2   -c reclass.cpp -o reclass.o
g++ -std=gnu++20 -I"/usr/share/R/include" -DNDEBUG  -I'/home/gueguema/R/x86_64-pc-linux-gnu-library/4.6/Rcpp/include'     -fpic  -g -O2 -ffile-prefix-map=/build/r-base-oO8drT/r-base-4.6.0=. -fstack-protector-strong -Wformat -Werror=format-security -Wdate-time -D_FORTIFY_SOURCE=2   -c terrain.cpp -o terrain.o
g++ -std=gnu++20 -I"/usr/share/R/include" -DNDEBUG  -I'/home/gueguema/R/x86_64-pc-linux-gnu-library/4.6/Rcpp/include'     -fpic  -g -O2 -ffile-prefix-map=/build/r-base-oO8drT/r-base-4.6.0=. -fstack-protector-strong -Wformat -Werror=format-security -Wdate-time -D_FORTIFY_SOURCE=2   -c util.cpp -o util.o
g++ -std=gnu++20 -I"/usr/share/R/include" -DNDEBUG  -I'/home/gueguema/R/x86_64-pc-linux-gnu-library/4.6/Rcpp/include'     -fpic  -g -O2 -ffile-prefix-map=/build/r-base-oO8drT/r-base-4.6.0=. -fstack-protector-strong -Wformat -Werror=format-security -Wdate-time -D_FORTIFY_SOURCE=2   -c xyCell.cpp -o xyCell.o
g++ -std=gnu++20 -shared -L/usr/lib/R/lib -Wl,-Bsymbolic-functions -flto=auto -ffat-lto-objects -flto=auto -Wl,-z,relro -o raster.so RasterModule.o RcppExports.o aggregate.o bilinear.o broom.o cellRowCol.o clamp.o distance.o edge.o focal_fun.o focal_get.o focal_sum.o geodesic.o getPolygons.o layerize.o memory.o modal.o ppmin.o raster_aggregate.o raster_distance.o rasterize.o reclass.o terrain.o util.o xyCell.o -L/usr/lib/R/lib -lR
installing to /home/gueguema/Documents/_PACKAGES/biomod2/Library/00LOCK-raster/00new/raster/libs
** R
** inst
** byte-compile and prepare package for lazy loading
dans la méthode pour ‘initialize’ avec la signature ‘"BasicRaster"’ : aucune définition de la classe “BasicRaster” n'est trouvée
dans la méthode pour ‘brick’ avec la signature ‘x="kasc"’ : aucune définition de la classe “kasc” n'est trouvée
dans la méthode pour ‘brick’ avec la signature ‘x="grf"’ : aucune définition de la classe “grf” n'est trouvée
dans la méthode pour ‘coerce’ avec la signature ‘"STFDF","RasterBrick"’ : aucune définition de la classe “STFDF” n'est trouvée
dans la méthode pour ‘coerce’ avec la signature ‘"STSDF","RasterBrick"’ : aucune définition de la classe “STSDF” n'est trouvée
dans la méthode pour ‘coerce’ avec la signature ‘"asc","RasterLayer"’ : aucune définition de la classe “asc” n'est trouvée
dans la méthode pour ‘coerce’ avec la signature ‘"RasterLayer","asc"’ : aucune définition de la classe “asc” n'est trouvée
dans la méthode pour ‘coerce’ avec la signature ‘"kasc","RasterBrick"’ : aucune définition de la classe “kasc” n'est trouvée
dans la méthode pour ‘coerce’ avec la signature ‘"kasc","RasterStack"’ : aucune définition de la classe “kasc” n'est trouvée
dans la méthode pour ‘coerce’ avec la signature ‘"kde","RasterLayer"’ : aucune définition de la classe “kde” n'est trouvée
dans la méthode pour ‘coerce’ avec la signature ‘"grf","RasterBrick"’ : aucune définition de la classe “grf” n'est trouvée
dans la méthode pour ‘coerce’ avec la signature ‘"grf","RasterLayer"’ : aucune définition de la classe “grf” n'est trouvée
dans la méthode pour ‘extent’ avec la signature ‘x="bbox"’ : aucune définition de la classe “bbox” n'est trouvée
dans la méthode pour ‘extent’ avec la signature ‘x="sf"’ : aucune définition de la classe “sf” n'est trouvée
dans la méthode pour ‘extract’ avec la signature ‘x="Raster",y="sf"’ : aucune définition de la classe “sf” n'est trouvée
dans la méthode pour ‘mask’ avec la signature ‘x="Raster",mask="sf"’ : aucune définition de la classe “sf” n'est trouvée
dans la méthode pour ‘raster’ avec la signature ‘x="sf"’ : aucune définition de la classe “sf” n'est trouvée
dans la méthode pour ‘raster’ avec la signature ‘x="kasc"’ : aucune définition de la classe “kasc” n'est trouvée
dans la méthode pour ‘raster’ avec la signature ‘x="asc"’ : aucune définition de la classe “asc” n'est trouvée
dans la méthode pour ‘raster’ avec la signature ‘x="kde"’ : aucune définition de la classe “kde” n'est trouvée
dans la méthode pour ‘raster’ avec la signature ‘x="grf"’ : aucune définition de la classe “grf” n'est trouvée
dans la méthode pour ‘rasterize’ avec la signature ‘x="sf",y="Raster"’ : aucune définition de la classe “sf” n'est trouvée
dans la méthode pour ‘setValues’ avec la signature ‘x="RasterLayerSparse"’ : aucune définition de la classe “RasterLayerSparse” n'est trouvée
dans la méthode pour ‘stack’ avec la signature ‘x="kasc"’ : aucune définition de la classe “kasc” n'est trouvée
** help
*** installing help indices
** building package indices
** testing if installed package can be loaded from temporary location
** checking absolute paths in shared objects and dynamic libraries
** testing if installed package can be loaded from final location
** testing if installed package keeps a record of temporary installation path
* DONE (raster)
