* installing *source* package ‘SparseM’ ...
** this is package ‘SparseM’ version ‘1.84-2’
** package ‘SparseM’ successfully unpacked and MD5 sums checked
** using staged installation
** libs
using C compiler: ‘cc (Ubuntu 11.4.0-1ubuntu1~22.04.3) 11.4.0’
using Fortran compiler: ‘GNU Fortran (Ubuntu 11.4.0-1ubuntu1~22.04.3) 11.4.0’
f77  -fpic  -g -O2 -ffile-prefix-map=/build/r-base-oO8drT/r-base-4.6.0=. -fstack-protector-strong  -c bckslv.f -o bckslv.o
f77  -fpic  -g -O2 -ffile-prefix-map=/build/r-base-oO8drT/r-base-4.6.0=. -fstack-protector-strong  -c chol.f -o chol.o
f77  -fpic  -g -O2 -ffile-prefix-map=/build/r-base-oO8drT/r-base-4.6.0=. -fstack-protector-strong  -c chol2csr.f -o chol2csr.o
f77  -fpic  -g -O2 -ffile-prefix-map=/build/r-base-oO8drT/r-base-4.6.0=. -fstack-protector-strong  -c cholesky.f -o cholesky.o
f77  -fpic  -g -O2 -ffile-prefix-map=/build/r-base-oO8drT/r-base-4.6.0=. -fstack-protector-strong  -c csr.f -o csr.o
f77  -fpic  -g -O2 -ffile-prefix-map=/build/r-base-oO8drT/r-base-4.6.0=. -fstack-protector-strong  -c extract.f -o extract.o
cc -I"/usr/share/R/include" -DNDEBUG       -fpic  -g -O2 -ffile-prefix-map=/build/r-base-oO8drT/r-base-4.6.0=. -fstack-protector-strong -Wformat -Werror=format-security -Wdate-time -D_FORTIFY_SOURCE=2  -c init.c -o init.o
f77  -fpic  -g -O2 -ffile-prefix-map=/build/r-base-oO8drT/r-base-4.6.0=. -fstack-protector-strong  -c sparskit.f -o sparskit.o
f77  -fpic  -g -O2 -ffile-prefix-map=/build/r-base-oO8drT/r-base-4.6.0=. -fstack-protector-strong  -c subscr.f -o subscr.o
cc -shared -L/usr/lib/R/lib -Wl,-Bsymbolic-functions -flto=auto -ffat-lto-objects -flto=auto -Wl,-z,relro -o SparseM.so bckslv.o chol.o chol2csr.o cholesky.o csr.o extract.o init.o sparskit.o subscr.o -lgfortran -lm -lquadmath -L/usr/lib/R/lib -lR
installing to /home/gueguema/Documents/_PACKAGES/biomod2/Library/00LOCK-SparseM/00new/SparseM/libs
** R
** data
** demo
** inst
** byte-compile and prepare package for lazy loading
Une nouvelle fonction générique est créée pour ‘diag’ du package ‘base’ dans package ‘SparseM’
Une nouvelle fonction générique est créée pour ‘diag<-’ du package ‘base’ dans package ‘SparseM’
Une nouvelle fonction générique est créée pour ‘norm’ du package ‘base’ dans package ‘SparseM’
Une nouvelle fonction générique est créée pour ‘backsolve’ du package ‘base’ dans package ‘SparseM’
Une nouvelle fonction générique est créée pour ‘forwardsolve’ du package ‘base’ dans package ‘SparseM’
Une nouvelle fonction générique est créée pour ‘model.response’ du package ‘stats’ dans package ‘SparseM’
** help
*** installing help indices
** building package indices
** installing vignettes
** testing if installed package can be loaded from temporary location
** checking absolute paths in shared objects and dynamic libraries
** testing if installed package can be loaded from final location
** testing if installed package keeps a record of temporary installation path
* DONE (SparseM)
