* installing *source* package ‘readxl’ ...
** this is package ‘readxl’ version ‘1.5.0’
** package ‘readxl’ successfully unpacked and MD5 sums checked
** using staged installation
** libs
using C compiler: ‘cc (Ubuntu 11.4.0-1ubuntu1~22.04.3) 11.4.0’
using C++ compiler: ‘g++ (Ubuntu 11.4.0-1ubuntu1~22.04.3) 11.4.0’
g++ -std=gnu++20 -I"/usr/share/R/include" -DNDEBUG -Iunix -I. -I'/home/gueguema/R/x86_64-pc-linux-gnu-library/4.6/cpp11/include' -I'/home/gueguema/R/x86_64-pc-linux-gnu-library/4.6/progress/include'    -fvisibility=hidden -fpic  -g -O2 -ffile-prefix-map=/build/r-base-oO8drT/r-base-4.6.0=. -fstack-protector-strong -Wformat -Werror=format-security -Wdate-time -D_FORTIFY_SOURCE=2   -c cpp11.cpp -o cpp11.o
g++ -std=gnu++20 -I"/usr/share/R/include" -DNDEBUG -Iunix -I. -I'/home/gueguema/R/x86_64-pc-linux-gnu-library/4.6/cpp11/include' -I'/home/gueguema/R/x86_64-pc-linux-gnu-library/4.6/progress/include'    -fvisibility=hidden -fpic  -g -O2 -ffile-prefix-map=/build/r-base-oO8drT/r-base-4.6.0=. -fstack-protector-strong -Wformat -Werror=format-security -Wdate-time -D_FORTIFY_SOURCE=2   -c XlsWorkBook.cpp -o XlsWorkBook.o
g++ -std=gnu++20 -I"/usr/share/R/include" -DNDEBUG -Iunix -I. -I'/home/gueguema/R/x86_64-pc-linux-gnu-library/4.6/cpp11/include' -I'/home/gueguema/R/x86_64-pc-linux-gnu-library/4.6/progress/include'    -fvisibility=hidden -fpic  -g -O2 -ffile-prefix-map=/build/r-base-oO8drT/r-base-4.6.0=. -fstack-protector-strong -Wformat -Werror=format-security -Wdate-time -D_FORTIFY_SOURCE=2   -c XlsxWorkBook.cpp -o XlsxWorkBook.o
g++ -std=gnu++20 -I"/usr/share/R/include" -DNDEBUG -Iunix -I. -I'/home/gueguema/R/x86_64-pc-linux-gnu-library/4.6/cpp11/include' -I'/home/gueguema/R/x86_64-pc-linux-gnu-library/4.6/progress/include'    -fvisibility=hidden -fpic  -g -O2 -ffile-prefix-map=/build/r-base-oO8drT/r-base-4.6.0=. -fstack-protector-strong -Wformat -Werror=format-security -Wdate-time -D_FORTIFY_SOURCE=2   -c zip.cpp -o zip.o
g++ -std=gnu++20 -I"/usr/share/R/include" -DNDEBUG -Iunix -I. -I'/home/gueguema/R/x86_64-pc-linux-gnu-library/4.6/cpp11/include' -I'/home/gueguema/R/x86_64-pc-linux-gnu-library/4.6/progress/include'    -fvisibility=hidden -fpic  -g -O2 -ffile-prefix-map=/build/r-base-oO8drT/r-base-4.6.0=. -fstack-protector-strong -Wformat -Werror=format-security -Wdate-time -D_FORTIFY_SOURCE=2   -c Read.cpp -o Read.o
cc -I"/usr/share/R/include" -DNDEBUG -Iunix -I. -I'/home/gueguema/R/x86_64-pc-linux-gnu-library/4.6/cpp11/include' -I'/home/gueguema/R/x86_64-pc-linux-gnu-library/4.6/progress/include'    -fvisibility=hidden -fpic  -g -O2 -ffile-prefix-map=/build/r-base-oO8drT/r-base-4.6.0=. -fstack-protector-strong -Wformat -Werror=format-security -Wdate-time -D_FORTIFY_SOURCE=2  -c cran.c -o cran.o
cc -I"/usr/share/R/include" -DNDEBUG -Iunix -I. -I'/home/gueguema/R/x86_64-pc-linux-gnu-library/4.6/cpp11/include' -I'/home/gueguema/R/x86_64-pc-linux-gnu-library/4.6/progress/include'    -fvisibility=hidden -fpic  -g -O2 -ffile-prefix-map=/build/r-base-oO8drT/r-base-4.6.0=. -fstack-protector-strong -Wformat -Werror=format-security -Wdate-time -D_FORTIFY_SOURCE=2  -c libxls/xlstool.c -o libxls/xlstool.o
cc -I"/usr/share/R/include" -DNDEBUG -Iunix -I. -I'/home/gueguema/R/x86_64-pc-linux-gnu-library/4.6/cpp11/include' -I'/home/gueguema/R/x86_64-pc-linux-gnu-library/4.6/progress/include'    -fvisibility=hidden -fpic  -g -O2 -ffile-prefix-map=/build/r-base-oO8drT/r-base-4.6.0=. -fstack-protector-strong -Wformat -Werror=format-security -Wdate-time -D_FORTIFY_SOURCE=2  -c libxls/endian.c -o libxls/endian.o
cc -I"/usr/share/R/include" -DNDEBUG -Iunix -I. -I'/home/gueguema/R/x86_64-pc-linux-gnu-library/4.6/cpp11/include' -I'/home/gueguema/R/x86_64-pc-linux-gnu-library/4.6/progress/include'    -fvisibility=hidden -fpic  -g -O2 -ffile-prefix-map=/build/r-base-oO8drT/r-base-4.6.0=. -fstack-protector-strong -Wformat -Werror=format-security -Wdate-time -D_FORTIFY_SOURCE=2  -c libxls/ole.c -o libxls/ole.o
cc -I"/usr/share/R/include" -DNDEBUG -Iunix -I. -I'/home/gueguema/R/x86_64-pc-linux-gnu-library/4.6/cpp11/include' -I'/home/gueguema/R/x86_64-pc-linux-gnu-library/4.6/progress/include'    -fvisibility=hidden -fpic  -g -O2 -ffile-prefix-map=/build/r-base-oO8drT/r-base-4.6.0=. -fstack-protector-strong -Wformat -Werror=format-security -Wdate-time -D_FORTIFY_SOURCE=2  -c libxls/xls.c -o libxls/xls.o
cc -I"/usr/share/R/include" -DNDEBUG -Iunix -I. -I'/home/gueguema/R/x86_64-pc-linux-gnu-library/4.6/cpp11/include' -I'/home/gueguema/R/x86_64-pc-linux-gnu-library/4.6/progress/include'    -fvisibility=hidden -fpic  -g -O2 -ffile-prefix-map=/build/r-base-oO8drT/r-base-4.6.0=. -fstack-protector-strong -Wformat -Werror=format-security -Wdate-time -D_FORTIFY_SOURCE=2  -c libxls/locale.c -o libxls/locale.o
g++ -std=gnu++20 -shared -L/usr/lib/R/lib -Wl,-Bsymbolic-functions -flto=auto -ffat-lto-objects -flto=auto -Wl,-z,relro -o readxl.so cpp11.o XlsWorkBook.o XlsxWorkBook.o zip.o Read.o cran.o libxls/xlstool.o libxls/endian.o libxls/ole.o libxls/xls.o libxls/locale.o -L/usr/lib/R/lib -lR
installing to /home/gueguema/Documents/_PACKAGES/biomod2/Library/00LOCK-readxl/00new/readxl/libs
** R
** inst
** byte-compile and prepare package for lazy loading
** help
*** installing help indices
*** copying figures
** building package indices
** installing vignettes
** testing if installed package can be loaded from temporary location
** checking absolute paths in shared objects and dynamic libraries
** testing if installed package can be loaded from final location
** testing if installed package keeps a record of temporary installation path
* DONE (readxl)
