* installing *source* package ‘mclust’ ...
** this is package ‘mclust’ version ‘6.1.2’
** package ‘mclust’ successfully unpacked and MD5 sums checked
** using staged installation
** libs
using C compiler: ‘cc (Ubuntu 11.4.0-1ubuntu1~22.04.3) 11.4.0’
using Fortran compiler: ‘GNU Fortran (Ubuntu 11.4.0-1ubuntu1~22.04.3) 11.4.0’
cc -I"/usr/share/R/include" -DNDEBUG       -fpic  -g -O2 -ffile-prefix-map=/build/r-base-oO8drT/r-base-4.6.0=. -fstack-protector-strong -Wformat -Werror=format-security -Wdate-time -D_FORTIFY_SOURCE=2  -c init.c -o init.o
f77  -fpic  -g -O2 -ffile-prefix-map=/build/r-base-oO8drT/r-base-4.6.0=. -fstack-protector-strong  -c mclust.f -o mclust.o
f77  -fpic  -g -O2 -ffile-prefix-map=/build/r-base-oO8drT/r-base-4.6.0=. -fstack-protector-strong  -c mclust2.f -o mclust2.o
f77  -fpic  -g -O2 -ffile-prefix-map=/build/r-base-oO8drT/r-base-4.6.0=. -fstack-protector-strong  -c util.f -o util.o
cc -shared -L/usr/lib/R/lib -Wl,-Bsymbolic-functions -flto=auto -ffat-lto-objects -flto=auto -Wl,-z,relro -o mclust.so init.o mclust.o mclust2.o util.o -llapack -lblas -lgfortran -lm -lquadmath -lgfortran -lm -lquadmath -L/usr/lib/R/lib -lR
installing to /home/gueguema/Documents/_PACKAGES/biomod2/Library/00LOCK-mclust/00new/mclust/libs
** R
** data
*** moving datasets to lazyload DB
** inst
** byte-compile and prepare package for lazy loading
** help
*** installing help indices
*** copying figures
** building package indices
** installing vignettes
** testing if installed package can be loaded from temporary location
** checking absolute paths in shared objects and dynamic libraries
** testing if installed package can be loaded from final location
** testing if installed package keeps a record of temporary installation path
* DONE (mclust)
