* installing *source* package ‘RcppArmadillo’ ...
** this is package ‘RcppArmadillo’ version ‘15.2.6-1’
** package ‘RcppArmadillo’ successfully unpacked and MD5 sums checked
** using staged installation
checking whether the C++ compiler works... yes
checking for C++ compiler default output file name... a.out
checking for suffix of executables... 
checking whether we are cross compiling... no
checking for suffix of object files... o
checking whether the compiler supports GNU C++... yes
checking whether g++ -std=gnu++20 accepts -g... yes
checking for g++ -std=gnu++20 option to enable C++11 features... -std=gnu++11
checking how to run the C++ preprocessor... g++ -std=gnu++20 -std=gnu++11 -E
checking whether the compiler supports GNU C++... (cached) yes
checking whether g++ -std=gnu++20 -std=gnu++11 accepts -g... (cached) yes
checking for g++ -std=gnu++20 -std=gnu++11 option to enable C++11 features... (cached) -std=gnu++11
checking what system we are on... running Linux on x86_64
checking whether we have a suitable tempdir... /tmp
checking whether on Linux... yes
checking whether R CMD SHLIB can already compile OpenMP programs... yes
checking whether on macOS... no
checking for OpenMP... found and suitable
configure: creating ./config.status
config.status: creating inst/include/RcppArmadillo/config/RcppArmadilloConfigGenerated.h
config.status: creating src/Makevars
** libs
using C++ compiler: ‘g++ (Ubuntu 11.4.0-1ubuntu1~22.04.3) 11.4.0’
g++ -std=gnu++20 -I"/usr/share/R/include" -DNDEBUG -I../inst/include -DARMA_USE_CURRENT -I'/home/gueguema/R/x86_64-pc-linux-gnu-library/4.6/Rcpp/include'    -fopenmp -fpic  -g -O2 -ffile-prefix-map=/build/r-base-oO8drT/r-base-4.6.0=. -fstack-protector-strong -Wformat -Werror=format-security -Wdate-time -D_FORTIFY_SOURCE=2   -c RcppArmadillo.cpp -o RcppArmadillo.o
g++ -std=gnu++20 -I"/usr/share/R/include" -DNDEBUG -I../inst/include -DARMA_USE_CURRENT -I'/home/gueguema/R/x86_64-pc-linux-gnu-library/4.6/Rcpp/include'    -fopenmp -fpic  -g -O2 -ffile-prefix-map=/build/r-base-oO8drT/r-base-4.6.0=. -fstack-protector-strong -Wformat -Werror=format-security -Wdate-time -D_FORTIFY_SOURCE=2   -c RcppExports.cpp -o RcppExports.o
g++ -std=gnu++20 -I"/usr/share/R/include" -DNDEBUG -I../inst/include -DARMA_USE_CURRENT -I'/home/gueguema/R/x86_64-pc-linux-gnu-library/4.6/Rcpp/include'    -fopenmp -fpic  -g -O2 -ffile-prefix-map=/build/r-base-oO8drT/r-base-4.6.0=. -fstack-protector-strong -Wformat -Werror=format-security -Wdate-time -D_FORTIFY_SOURCE=2   -c fastLm.cpp -o fastLm.o
g++ -std=gnu++20 -shared -L/usr/lib/R/lib -Wl,-Bsymbolic-functions -flto=auto -ffat-lto-objects -flto=auto -Wl,-z,relro -o RcppArmadillo.so RcppArmadillo.o RcppExports.o fastLm.o -fopenmp -llapack -lblas -lgfortran -lm -lquadmath -L/usr/lib/R/lib -lR
installing to /home/gueguema/Documents/_PACKAGES/biomod2/Library/00LOCK-RcppArmadillo/00new/RcppArmadillo/libs
** R
** inst
** byte-compile and prepare package for lazy loading
** help
*** installing help indices
** building package indices
** installing vignettes
** testing if installed package can be loaded from temporary location
** checking absolute paths in shared objects and dynamic libraries
** testing if installed package can be loaded from final location
** testing if installed package keeps a record of temporary installation path
* DONE (RcppArmadillo)
