* installing *source* package ‘tweenr’ ...
** this is package ‘tweenr’ version ‘2.0.3’
** package ‘tweenr’ successfully unpacked and MD5 sums checked
** using staged installation
** libs
using C compiler: ‘cc (Ubuntu 11.4.0-1ubuntu1~22.04.3) 11.4.0’
using C++ compiler: ‘g++ (Ubuntu 11.4.0-1ubuntu1~22.04.3) 11.4.0’
g++ -std=gnu++20 -I"/usr/share/R/include" -DNDEBUG  -I'/home/gueguema/R/x86_64-pc-linux-gnu-library/4.6/cpp11/include'     -fpic  -g -O2 -ffile-prefix-map=/build/r-base-oO8drT/r-base-4.6.0=. -fstack-protector-strong -Wformat -Werror=format-security -Wdate-time -D_FORTIFY_SOURCE=2   -c along.cpp -o along.o
g++ -std=gnu++20 -I"/usr/share/R/include" -DNDEBUG  -I'/home/gueguema/R/x86_64-pc-linux-gnu-library/4.6/cpp11/include'     -fpic  -g -O2 -ffile-prefix-map=/build/r-base-oO8drT/r-base-4.6.0=. -fstack-protector-strong -Wformat -Werror=format-security -Wdate-time -D_FORTIFY_SOURCE=2   -c at.cpp -o at.o
g++ -std=gnu++20 -I"/usr/share/R/include" -DNDEBUG  -I'/home/gueguema/R/x86_64-pc-linux-gnu-library/4.6/cpp11/include'     -fpic  -g -O2 -ffile-prefix-map=/build/r-base-oO8drT/r-base-4.6.0=. -fstack-protector-strong -Wformat -Werror=format-security -Wdate-time -D_FORTIFY_SOURCE=2   -c cpp11.cpp -o cpp11.o
cc -I"/usr/share/R/include" -DNDEBUG  -I'/home/gueguema/R/x86_64-pc-linux-gnu-library/4.6/cpp11/include'     -fpic  -g -O2 -ffile-prefix-map=/build/r-base-oO8drT/r-base-4.6.0=. -fstack-protector-strong -Wformat -Werror=format-security -Wdate-time -D_FORTIFY_SOURCE=2  -c easing.c -o easing.o
g++ -std=gnu++20 -I"/usr/share/R/include" -DNDEBUG  -I'/home/gueguema/R/x86_64-pc-linux-gnu-library/4.6/cpp11/include'     -fpic  -g -O2 -ffile-prefix-map=/build/r-base-oO8drT/r-base-4.6.0=. -fstack-protector-strong -Wformat -Werror=format-security -Wdate-time -D_FORTIFY_SOURCE=2   -c element.cpp -o element.o
g++ -std=gnu++20 -I"/usr/share/R/include" -DNDEBUG  -I'/home/gueguema/R/x86_64-pc-linux-gnu-library/4.6/cpp11/include'     -fpic  -g -O2 -ffile-prefix-map=/build/r-base-oO8drT/r-base-4.6.0=. -fstack-protector-strong -Wformat -Werror=format-security -Wdate-time -D_FORTIFY_SOURCE=2   -c element_at.cpp -o element_at.o
g++ -std=gnu++20 -I"/usr/share/R/include" -DNDEBUG  -I'/home/gueguema/R/x86_64-pc-linux-gnu-library/4.6/cpp11/include'     -fpic  -g -O2 -ffile-prefix-map=/build/r-base-oO8drT/r-base-4.6.0=. -fstack-protector-strong -Wformat -Werror=format-security -Wdate-time -D_FORTIFY_SOURCE=2   -c fill.cpp -o fill.o
g++ -std=gnu++20 -I"/usr/share/R/include" -DNDEBUG  -I'/home/gueguema/R/x86_64-pc-linux-gnu-library/4.6/cpp11/include'     -fpic  -g -O2 -ffile-prefix-map=/build/r-base-oO8drT/r-base-4.6.0=. -fstack-protector-strong -Wformat -Werror=format-security -Wdate-time -D_FORTIFY_SOURCE=2   -c state.cpp -o state.o
g++ -std=gnu++20 -shared -L/usr/lib/R/lib -Wl,-Bsymbolic-functions -flto=auto -ffat-lto-objects -flto=auto -Wl,-z,relro -o tweenr.so along.o at.o cpp11.o easing.o element.o element_at.o fill.o state.o -L/usr/lib/R/lib -lR
installing to /home/gueguema/Documents/_PACKAGES/biomod2/Library/00LOCK-tweenr/00new/tweenr/libs
** R
** byte-compile and prepare package for lazy loading
** help
*** installing help indices
*** copying figures
** building package indices
** testing if installed package can be loaded from temporary location
** checking absolute paths in shared objects and dynamic libraries
** testing if installed package can be loaded from final location
** testing if installed package keeps a record of temporary installation path
* DONE (tweenr)
