* installing *source* package ‘geometry’ ...
** this is package ‘geometry’ version ‘0.5.2’
** package ‘geometry’ successfully unpacked and MD5 sums checked
** using staged installation
** libs
using C compiler: ‘cc (Ubuntu 11.4.0-1ubuntu1~22.04.3) 11.4.0’
using C++ compiler: ‘g++ (Ubuntu 11.4.0-1ubuntu1~22.04.3) 11.4.0’
g++ -std=gnu++20 -I"/usr/share/R/include" -DNDEBUG -DR_NO_REMAP -I'/home/gueguema/R/x86_64-pc-linux-gnu-library/4.6/Rcpp/include' -I'/home/gueguema/Documents/_PACKAGES/biomod2/Library/RcppProgress/include'     -fpic  -g -O2 -ffile-prefix-map=/build/r-base-oO8drT/r-base-4.6.0=. -fstack-protector-strong -Wformat -Werror=format-security -Wdate-time -D_FORTIFY_SOURCE=2   -c QuadTree.cpp -o QuadTree.o
cc -I"/usr/share/R/include" -DNDEBUG -DR_NO_REMAP -I'/home/gueguema/R/x86_64-pc-linux-gnu-library/4.6/Rcpp/include' -I'/home/gueguema/Documents/_PACKAGES/biomod2/Library/RcppProgress/include'    -include Rgeometry.h -fpic  -g -O2 -ffile-prefix-map=/build/r-base-oO8drT/r-base-4.6.0=. -fstack-protector-strong -Wformat -Werror=format-security -Wdate-time -D_FORTIFY_SOURCE=2  -c Rconvhulln.c -o Rconvhulln.o
g++ -std=gnu++20 -I"/usr/share/R/include" -DNDEBUG -DR_NO_REMAP -I'/home/gueguema/R/x86_64-pc-linux-gnu-library/4.6/Rcpp/include' -I'/home/gueguema/Documents/_PACKAGES/biomod2/Library/RcppProgress/include'     -fpic  -g -O2 -ffile-prefix-map=/build/r-base-oO8drT/r-base-4.6.0=. -fstack-protector-strong -Wformat -Werror=format-security -Wdate-time -D_FORTIFY_SOURCE=2   -c RcppExports.cpp -o RcppExports.o
cc -I"/usr/share/R/include" -DNDEBUG -DR_NO_REMAP -I'/home/gueguema/R/x86_64-pc-linux-gnu-library/4.6/Rcpp/include' -I'/home/gueguema/Documents/_PACKAGES/biomod2/Library/RcppProgress/include'    -include Rgeometry.h -fpic  -g -O2 -ffile-prefix-map=/build/r-base-oO8drT/r-base-4.6.0=. -fstack-protector-strong -Wformat -Werror=format-security -Wdate-time -D_FORTIFY_SOURCE=2  -c Rdelaunayn.c -o Rdelaunayn.o
cc -I"/usr/share/R/include" -DNDEBUG -DR_NO_REMAP -I'/home/gueguema/R/x86_64-pc-linux-gnu-library/4.6/Rcpp/include' -I'/home/gueguema/Documents/_PACKAGES/biomod2/Library/RcppProgress/include'    -include Rgeometry.h -fpic  -g -O2 -ffile-prefix-map=/build/r-base-oO8drT/r-base-4.6.0=. -fstack-protector-strong -Wformat -Werror=format-security -Wdate-time -D_FORTIFY_SOURCE=2  -c Rgeometry.c -o Rgeometry.o
cc -I"/usr/share/R/include" -DNDEBUG -DR_NO_REMAP -I'/home/gueguema/R/x86_64-pc-linux-gnu-library/4.6/Rcpp/include' -I'/home/gueguema/Documents/_PACKAGES/biomod2/Library/RcppProgress/include'    -include Rgeometry.h -fpic  -g -O2 -ffile-prefix-map=/build/r-base-oO8drT/r-base-4.6.0=. -fstack-protector-strong -Wformat -Werror=format-security -Wdate-time -D_FORTIFY_SOURCE=2  -c Rhalfspacen.c -o Rhalfspacen.o
cc -I"/usr/share/R/include" -DNDEBUG -DR_NO_REMAP -I'/home/gueguema/R/x86_64-pc-linux-gnu-library/4.6/Rcpp/include' -I'/home/gueguema/Documents/_PACKAGES/biomod2/Library/RcppProgress/include'    -include Rgeometry.h -fpic  -g -O2 -ffile-prefix-map=/build/r-base-oO8drT/r-base-4.6.0=. -fstack-protector-strong -Wformat -Werror=format-security -Wdate-time -D_FORTIFY_SOURCE=2  -c Rinhulln.c -o Rinhulln.o
g++ -std=gnu++20 -I"/usr/share/R/include" -DNDEBUG -DR_NO_REMAP -I'/home/gueguema/R/x86_64-pc-linux-gnu-library/4.6/Rcpp/include' -I'/home/gueguema/Documents/_PACKAGES/biomod2/Library/RcppProgress/include'     -fpic  -g -O2 -ffile-prefix-map=/build/r-base-oO8drT/r-base-4.6.0=. -fstack-protector-strong -Wformat -Werror=format-security -Wdate-time -D_FORTIFY_SOURCE=2   -c Rtsearch.cpp -o Rtsearch.o
cc -I"/usr/share/R/include" -DNDEBUG -DR_NO_REMAP -I'/home/gueguema/R/x86_64-pc-linux-gnu-library/4.6/Rcpp/include' -I'/home/gueguema/Documents/_PACKAGES/biomod2/Library/RcppProgress/include'    -include Rgeometry.h -fpic  -g -O2 -ffile-prefix-map=/build/r-base-oO8drT/r-base-4.6.0=. -fstack-protector-strong -Wformat -Werror=format-security -Wdate-time -D_FORTIFY_SOURCE=2  -c Rtsearch_orig.c -o Rtsearch_orig.o
cc -I"/usr/share/R/include" -DNDEBUG -DR_NO_REMAP -I'/home/gueguema/R/x86_64-pc-linux-gnu-library/4.6/Rcpp/include' -I'/home/gueguema/Documents/_PACKAGES/biomod2/Library/RcppProgress/include'    -include Rgeometry.h -fpic  -g -O2 -ffile-prefix-map=/build/r-base-oO8drT/r-base-4.6.0=. -fstack-protector-strong -Wformat -Werror=format-security -Wdate-time -D_FORTIFY_SOURCE=2  -c Rtsearchn.c -o Rtsearchn.o
cc -I"/usr/share/R/include" -DNDEBUG -DR_NO_REMAP -I'/home/gueguema/R/x86_64-pc-linux-gnu-library/4.6/Rcpp/include' -I'/home/gueguema/Documents/_PACKAGES/biomod2/Library/RcppProgress/include'    -include Rgeometry.h -fpic  -g -O2 -ffile-prefix-map=/build/r-base-oO8drT/r-base-4.6.0=. -fstack-protector-strong -Wformat -Werror=format-security -Wdate-time -D_FORTIFY_SOURCE=2  -c geom2_r.c -o geom2_r.o
cc -I"/usr/share/R/include" -DNDEBUG -DR_NO_REMAP -I'/home/gueguema/R/x86_64-pc-linux-gnu-library/4.6/Rcpp/include' -I'/home/gueguema/Documents/_PACKAGES/biomod2/Library/RcppProgress/include'    -include Rgeometry.h -fpic  -g -O2 -ffile-prefix-map=/build/r-base-oO8drT/r-base-4.6.0=. -fstack-protector-strong -Wformat -Werror=format-security -Wdate-time -D_FORTIFY_SOURCE=2  -c geom_r.c -o geom_r.o
cc -I"/usr/share/R/include" -DNDEBUG -DR_NO_REMAP -I'/home/gueguema/R/x86_64-pc-linux-gnu-library/4.6/Rcpp/include' -I'/home/gueguema/Documents/_PACKAGES/biomod2/Library/RcppProgress/include'    -include Rgeometry.h -fpic  -g -O2 -ffile-prefix-map=/build/r-base-oO8drT/r-base-4.6.0=. -fstack-protector-strong -Wformat -Werror=format-security -Wdate-time -D_FORTIFY_SOURCE=2  -c geometry_init.c -o geometry_init.o
cc -I"/usr/share/R/include" -DNDEBUG -DR_NO_REMAP -I'/home/gueguema/R/x86_64-pc-linux-gnu-library/4.6/Rcpp/include' -I'/home/gueguema/Documents/_PACKAGES/biomod2/Library/RcppProgress/include'    -include Rgeometry.h -fpic  -g -O2 -ffile-prefix-map=/build/r-base-oO8drT/r-base-4.6.0=. -fstack-protector-strong -Wformat -Werror=format-security -Wdate-time -D_FORTIFY_SOURCE=2  -c global_r.c -o global_r.o
cc -I"/usr/share/R/include" -DNDEBUG -DR_NO_REMAP -I'/home/gueguema/R/x86_64-pc-linux-gnu-library/4.6/Rcpp/include' -I'/home/gueguema/Documents/_PACKAGES/biomod2/Library/RcppProgress/include'    -include Rgeometry.h -fpic  -g -O2 -ffile-prefix-map=/build/r-base-oO8drT/r-base-4.6.0=. -fstack-protector-strong -Wformat -Werror=format-security -Wdate-time -D_FORTIFY_SOURCE=2  -c io_r.c -o io_r.o
cc -I"/usr/share/R/include" -DNDEBUG -DR_NO_REMAP -I'/home/gueguema/R/x86_64-pc-linux-gnu-library/4.6/Rcpp/include' -I'/home/gueguema/Documents/_PACKAGES/biomod2/Library/RcppProgress/include'    -include Rgeometry.h -fpic  -g -O2 -ffile-prefix-map=/build/r-base-oO8drT/r-base-4.6.0=. -fstack-protector-strong -Wformat -Werror=format-security -Wdate-time -D_FORTIFY_SOURCE=2  -c libqhull_r.c -o libqhull_r.o
cc -I"/usr/share/R/include" -DNDEBUG -DR_NO_REMAP -I'/home/gueguema/R/x86_64-pc-linux-gnu-library/4.6/Rcpp/include' -I'/home/gueguema/Documents/_PACKAGES/biomod2/Library/RcppProgress/include'    -include Rgeometry.h -fpic  -g -O2 -ffile-prefix-map=/build/r-base-oO8drT/r-base-4.6.0=. -fstack-protector-strong -Wformat -Werror=format-security -Wdate-time -D_FORTIFY_SOURCE=2  -c mem_r.c -o mem_r.o
cc -I"/usr/share/R/include" -DNDEBUG -DR_NO_REMAP -I'/home/gueguema/R/x86_64-pc-linux-gnu-library/4.6/Rcpp/include' -I'/home/gueguema/Documents/_PACKAGES/biomod2/Library/RcppProgress/include'    -include Rgeometry.h -fpic  -g -O2 -ffile-prefix-map=/build/r-base-oO8drT/r-base-4.6.0=. -fstack-protector-strong -Wformat -Werror=format-security -Wdate-time -D_FORTIFY_SOURCE=2  -c merge_r.c -o merge_r.o
cc -I"/usr/share/R/include" -DNDEBUG -DR_NO_REMAP -I'/home/gueguema/R/x86_64-pc-linux-gnu-library/4.6/Rcpp/include' -I'/home/gueguema/Documents/_PACKAGES/biomod2/Library/RcppProgress/include'    -include Rgeometry.h -fpic  -g -O2 -ffile-prefix-map=/build/r-base-oO8drT/r-base-4.6.0=. -fstack-protector-strong -Wformat -Werror=format-security -Wdate-time -D_FORTIFY_SOURCE=2  -c poly2_r.c -o poly2_r.o
cc -I"/usr/share/R/include" -DNDEBUG -DR_NO_REMAP -I'/home/gueguema/R/x86_64-pc-linux-gnu-library/4.6/Rcpp/include' -I'/home/gueguema/Documents/_PACKAGES/biomod2/Library/RcppProgress/include'    -include Rgeometry.h -fpic  -g -O2 -ffile-prefix-map=/build/r-base-oO8drT/r-base-4.6.0=. -fstack-protector-strong -Wformat -Werror=format-security -Wdate-time -D_FORTIFY_SOURCE=2  -c poly_r.c -o poly_r.o
cc -I"/usr/share/R/include" -DNDEBUG -DR_NO_REMAP -I'/home/gueguema/R/x86_64-pc-linux-gnu-library/4.6/Rcpp/include' -I'/home/gueguema/Documents/_PACKAGES/biomod2/Library/RcppProgress/include'    -include Rgeometry.h -fpic  -g -O2 -ffile-prefix-map=/build/r-base-oO8drT/r-base-4.6.0=. -fstack-protector-strong -Wformat -Werror=format-security -Wdate-time -D_FORTIFY_SOURCE=2  -c qset_r.c -o qset_r.o
cc -I"/usr/share/R/include" -DNDEBUG -DR_NO_REMAP -I'/home/gueguema/R/x86_64-pc-linux-gnu-library/4.6/Rcpp/include' -I'/home/gueguema/Documents/_PACKAGES/biomod2/Library/RcppProgress/include'    -include Rgeometry.h -fpic  -g -O2 -ffile-prefix-map=/build/r-base-oO8drT/r-base-4.6.0=. -fstack-protector-strong -Wformat -Werror=format-security -Wdate-time -D_FORTIFY_SOURCE=2  -c random_r.c -o random_r.o
cc -I"/usr/share/R/include" -DNDEBUG -DR_NO_REMAP -I'/home/gueguema/R/x86_64-pc-linux-gnu-library/4.6/Rcpp/include' -I'/home/gueguema/Documents/_PACKAGES/biomod2/Library/RcppProgress/include'    -include Rgeometry.h -fpic  -g -O2 -ffile-prefix-map=/build/r-base-oO8drT/r-base-4.6.0=. -fstack-protector-strong -Wformat -Werror=format-security -Wdate-time -D_FORTIFY_SOURCE=2  -c rboxlib_r.c -o rboxlib_r.o
cc -I"/usr/share/R/include" -DNDEBUG -DR_NO_REMAP -I'/home/gueguema/R/x86_64-pc-linux-gnu-library/4.6/Rcpp/include' -I'/home/gueguema/Documents/_PACKAGES/biomod2/Library/RcppProgress/include'    -include Rgeometry.h -fpic  -g -O2 -ffile-prefix-map=/build/r-base-oO8drT/r-base-4.6.0=. -fstack-protector-strong -Wformat -Werror=format-security -Wdate-time -D_FORTIFY_SOURCE=2  -c stat_r.c -o stat_r.o
cc -I"/usr/share/R/include" -DNDEBUG -DR_NO_REMAP -I'/home/gueguema/R/x86_64-pc-linux-gnu-library/4.6/Rcpp/include' -I'/home/gueguema/Documents/_PACKAGES/biomod2/Library/RcppProgress/include'    -include Rgeometry.h -fpic  -g -O2 -ffile-prefix-map=/build/r-base-oO8drT/r-base-4.6.0=. -fstack-protector-strong -Wformat -Werror=format-security -Wdate-time -D_FORTIFY_SOURCE=2  -c user_r.c -o user_r.o
cc -I"/usr/share/R/include" -DNDEBUG -DR_NO_REMAP -I'/home/gueguema/R/x86_64-pc-linux-gnu-library/4.6/Rcpp/include' -I'/home/gueguema/Documents/_PACKAGES/biomod2/Library/RcppProgress/include'    -include Rgeometry.h -fpic  -g -O2 -ffile-prefix-map=/build/r-base-oO8drT/r-base-4.6.0=. -fstack-protector-strong -Wformat -Werror=format-security -Wdate-time -D_FORTIFY_SOURCE=2  -c usermem_r.c -o usermem_r.o
cc -I"/usr/share/R/include" -DNDEBUG -DR_NO_REMAP -I'/home/gueguema/R/x86_64-pc-linux-gnu-library/4.6/Rcpp/include' -I'/home/gueguema/Documents/_PACKAGES/biomod2/Library/RcppProgress/include'    -include Rgeometry.h -fpic  -g -O2 -ffile-prefix-map=/build/r-base-oO8drT/r-base-4.6.0=. -fstack-protector-strong -Wformat -Werror=format-security -Wdate-time -D_FORTIFY_SOURCE=2  -c userprintf_r.c -o userprintf_r.o
cc -I"/usr/share/R/include" -DNDEBUG -DR_NO_REMAP -I'/home/gueguema/R/x86_64-pc-linux-gnu-library/4.6/Rcpp/include' -I'/home/gueguema/Documents/_PACKAGES/biomod2/Library/RcppProgress/include'    -include Rgeometry.h -fpic  -g -O2 -ffile-prefix-map=/build/r-base-oO8drT/r-base-4.6.0=. -fstack-protector-strong -Wformat -Werror=format-security -Wdate-time -D_FORTIFY_SOURCE=2  -c userprintf_rbox_r.c -o userprintf_rbox_r.o
g++ -std=gnu++20 -shared -L/usr/lib/R/lib -Wl,-Bsymbolic-functions -flto=auto -ffat-lto-objects -flto=auto -Wl,-z,relro -o geometry.so QuadTree.o Rconvhulln.o RcppExports.o Rdelaunayn.o Rgeometry.o Rhalfspacen.o Rinhulln.o Rtsearch.o Rtsearch_orig.o Rtsearchn.o geom2_r.o geom_r.o geometry_init.o global_r.o io_r.o libqhull_r.o mem_r.o merge_r.o poly2_r.o poly_r.o qset_r.o random_r.o rboxlib_r.o stat_r.o user_r.o usermem_r.o userprintf_r.o userprintf_rbox_r.o -L/usr/lib/R/lib -lR
installing to /home/gueguema/Documents/_PACKAGES/biomod2/Library/00LOCK-geometry/00new/geometry/libs
** R
** demo
** inst
** byte-compile and prepare package for lazy loading
** help
*** installing help indices
** building package indices
** installing vignettes
** testing if installed package can be loaded from temporary location
** checking absolute paths in shared objects and dynamic libraries
** testing if installed package can be loaded from final location
** testing if installed package keeps a record of temporary installation path
* DONE (geometry)
