* installing *source* package ‘readr’ ...
** this is package ‘readr’ version ‘2.2.0’
** package ‘readr’ successfully unpacked and MD5 sums checked
** using staged installation
** libs
using C compiler: ‘cc (Ubuntu 11.4.0-1ubuntu1~22.04.3) 11.4.0’
using C++ compiler: ‘g++ (Ubuntu 11.4.0-1ubuntu1~22.04.3) 11.4.0’
g++ -std=gnu++20 -I"/usr/share/R/include" -DNDEBUG  -I'/home/gueguema/R/x86_64-pc-linux-gnu-library/4.6/cpp11/include' -I'/home/gueguema/R/x86_64-pc-linux-gnu-library/4.6/tzdb/include'     -fpic  -g -O2 -ffile-prefix-map=/build/r-base-oO8drT/r-base-4.6.0=. -fstack-protector-strong -Wformat -Werror=format-security -Wdate-time -D_FORTIFY_SOURCE=2   -c Collector.cpp -o Collector.o
g++ -std=gnu++20 -I"/usr/share/R/include" -DNDEBUG  -I'/home/gueguema/R/x86_64-pc-linux-gnu-library/4.6/cpp11/include' -I'/home/gueguema/R/x86_64-pc-linux-gnu-library/4.6/tzdb/include'     -fpic  -g -O2 -ffile-prefix-map=/build/r-base-oO8drT/r-base-4.6.0=. -fstack-protector-strong -Wformat -Werror=format-security -Wdate-time -D_FORTIFY_SOURCE=2   -c CollectorGuess.cpp -o CollectorGuess.o
g++ -std=gnu++20 -I"/usr/share/R/include" -DNDEBUG  -I'/home/gueguema/R/x86_64-pc-linux-gnu-library/4.6/cpp11/include' -I'/home/gueguema/R/x86_64-pc-linux-gnu-library/4.6/tzdb/include'     -fpic  -g -O2 -ffile-prefix-map=/build/r-base-oO8drT/r-base-4.6.0=. -fstack-protector-strong -Wformat -Werror=format-security -Wdate-time -D_FORTIFY_SOURCE=2   -c Iconv.cpp -o Iconv.o
g++ -std=gnu++20 -I"/usr/share/R/include" -DNDEBUG  -I'/home/gueguema/R/x86_64-pc-linux-gnu-library/4.6/cpp11/include' -I'/home/gueguema/R/x86_64-pc-linux-gnu-library/4.6/tzdb/include'     -fpic  -g -O2 -ffile-prefix-map=/build/r-base-oO8drT/r-base-4.6.0=. -fstack-protector-strong -Wformat -Werror=format-security -Wdate-time -D_FORTIFY_SOURCE=2   -c LocaleInfo.cpp -o LocaleInfo.o
g++ -std=gnu++20 -I"/usr/share/R/include" -DNDEBUG  -I'/home/gueguema/R/x86_64-pc-linux-gnu-library/4.6/cpp11/include' -I'/home/gueguema/R/x86_64-pc-linux-gnu-library/4.6/tzdb/include'     -fpic  -g -O2 -ffile-prefix-map=/build/r-base-oO8drT/r-base-4.6.0=. -fstack-protector-strong -Wformat -Werror=format-security -Wdate-time -D_FORTIFY_SOURCE=2   -c Reader.cpp -o Reader.o
g++ -std=gnu++20 -I"/usr/share/R/include" -DNDEBUG  -I'/home/gueguema/R/x86_64-pc-linux-gnu-library/4.6/cpp11/include' -I'/home/gueguema/R/x86_64-pc-linux-gnu-library/4.6/tzdb/include'     -fpic  -g -O2 -ffile-prefix-map=/build/r-base-oO8drT/r-base-4.6.0=. -fstack-protector-strong -Wformat -Werror=format-security -Wdate-time -D_FORTIFY_SOURCE=2   -c Source.cpp -o Source.o
g++ -std=gnu++20 -I"/usr/share/R/include" -DNDEBUG  -I'/home/gueguema/R/x86_64-pc-linux-gnu-library/4.6/cpp11/include' -I'/home/gueguema/R/x86_64-pc-linux-gnu-library/4.6/tzdb/include'     -fpic  -g -O2 -ffile-prefix-map=/build/r-base-oO8drT/r-base-4.6.0=. -fstack-protector-strong -Wformat -Werror=format-security -Wdate-time -D_FORTIFY_SOURCE=2   -c Tokenizer.cpp -o Tokenizer.o
g++ -std=gnu++20 -I"/usr/share/R/include" -DNDEBUG  -I'/home/gueguema/R/x86_64-pc-linux-gnu-library/4.6/cpp11/include' -I'/home/gueguema/R/x86_64-pc-linux-gnu-library/4.6/tzdb/include'     -fpic  -g -O2 -ffile-prefix-map=/build/r-base-oO8drT/r-base-4.6.0=. -fstack-protector-strong -Wformat -Werror=format-security -Wdate-time -D_FORTIFY_SOURCE=2   -c TokenizerDelim.cpp -o TokenizerDelim.o
g++ -std=gnu++20 -I"/usr/share/R/include" -DNDEBUG  -I'/home/gueguema/R/x86_64-pc-linux-gnu-library/4.6/cpp11/include' -I'/home/gueguema/R/x86_64-pc-linux-gnu-library/4.6/tzdb/include'     -fpic  -g -O2 -ffile-prefix-map=/build/r-base-oO8drT/r-base-4.6.0=. -fstack-protector-strong -Wformat -Werror=format-security -Wdate-time -D_FORTIFY_SOURCE=2   -c TokenizerFwf.cpp -o TokenizerFwf.o
g++ -std=gnu++20 -I"/usr/share/R/include" -DNDEBUG  -I'/home/gueguema/R/x86_64-pc-linux-gnu-library/4.6/cpp11/include' -I'/home/gueguema/R/x86_64-pc-linux-gnu-library/4.6/tzdb/include'     -fpic  -g -O2 -ffile-prefix-map=/build/r-base-oO8drT/r-base-4.6.0=. -fstack-protector-strong -Wformat -Werror=format-security -Wdate-time -D_FORTIFY_SOURCE=2   -c TokenizerWs.cpp -o TokenizerWs.o
g++ -std=gnu++20 -I"/usr/share/R/include" -DNDEBUG  -I'/home/gueguema/R/x86_64-pc-linux-gnu-library/4.6/cpp11/include' -I'/home/gueguema/R/x86_64-pc-linux-gnu-library/4.6/tzdb/include'     -fpic  -g -O2 -ffile-prefix-map=/build/r-base-oO8drT/r-base-4.6.0=. -fstack-protector-strong -Wformat -Werror=format-security -Wdate-time -D_FORTIFY_SOURCE=2   -c connection.cpp -o connection.o
g++ -std=gnu++20 -I"/usr/share/R/include" -DNDEBUG  -I'/home/gueguema/R/x86_64-pc-linux-gnu-library/4.6/cpp11/include' -I'/home/gueguema/R/x86_64-pc-linux-gnu-library/4.6/tzdb/include'     -fpic  -g -O2 -ffile-prefix-map=/build/r-base-oO8drT/r-base-4.6.0=. -fstack-protector-strong -Wformat -Werror=format-security -Wdate-time -D_FORTIFY_SOURCE=2   -c cpp11.cpp -o cpp11.o
g++ -std=gnu++20 -I"/usr/share/R/include" -DNDEBUG  -I'/home/gueguema/R/x86_64-pc-linux-gnu-library/4.6/cpp11/include' -I'/home/gueguema/R/x86_64-pc-linux-gnu-library/4.6/tzdb/include'     -fpic  -g -O2 -ffile-prefix-map=/build/r-base-oO8drT/r-base-4.6.0=. -fstack-protector-strong -Wformat -Werror=format-security -Wdate-time -D_FORTIFY_SOURCE=2   -c datetime.cpp -o datetime.o
cc -I"/usr/share/R/include" -DNDEBUG  -I'/home/gueguema/R/x86_64-pc-linux-gnu-library/4.6/cpp11/include' -I'/home/gueguema/R/x86_64-pc-linux-gnu-library/4.6/tzdb/include'     -fpic  -g -O2 -ffile-prefix-map=/build/r-base-oO8drT/r-base-4.6.0=. -fstack-protector-strong -Wformat -Werror=format-security -Wdate-time -D_FORTIFY_SOURCE=2  -c grisu3.c -o grisu3.o
cc -I"/usr/share/R/include" -DNDEBUG  -I'/home/gueguema/R/x86_64-pc-linux-gnu-library/4.6/cpp11/include' -I'/home/gueguema/R/x86_64-pc-linux-gnu-library/4.6/tzdb/include'     -fpic  -g -O2 -ffile-prefix-map=/build/r-base-oO8drT/r-base-4.6.0=. -fstack-protector-strong -Wformat -Werror=format-security -Wdate-time -D_FORTIFY_SOURCE=2  -c init.c -o init.o
g++ -std=gnu++20 -I"/usr/share/R/include" -DNDEBUG  -I'/home/gueguema/R/x86_64-pc-linux-gnu-library/4.6/cpp11/include' -I'/home/gueguema/R/x86_64-pc-linux-gnu-library/4.6/tzdb/include'     -fpic  -g -O2 -ffile-prefix-map=/build/r-base-oO8drT/r-base-4.6.0=. -fstack-protector-strong -Wformat -Werror=format-security -Wdate-time -D_FORTIFY_SOURCE=2   -c parse.cpp -o parse.o
g++ -std=gnu++20 -I"/usr/share/R/include" -DNDEBUG  -I'/home/gueguema/R/x86_64-pc-linux-gnu-library/4.6/cpp11/include' -I'/home/gueguema/R/x86_64-pc-linux-gnu-library/4.6/tzdb/include'     -fpic  -g -O2 -ffile-prefix-map=/build/r-base-oO8drT/r-base-4.6.0=. -fstack-protector-strong -Wformat -Werror=format-security -Wdate-time -D_FORTIFY_SOURCE=2   -c read.cpp -o read.o
g++ -std=gnu++20 -I"/usr/share/R/include" -DNDEBUG  -I'/home/gueguema/R/x86_64-pc-linux-gnu-library/4.6/cpp11/include' -I'/home/gueguema/R/x86_64-pc-linux-gnu-library/4.6/tzdb/include'     -fpic  -g -O2 -ffile-prefix-map=/build/r-base-oO8drT/r-base-4.6.0=. -fstack-protector-strong -Wformat -Werror=format-security -Wdate-time -D_FORTIFY_SOURCE=2   -c type_convert.cpp -o type_convert.o
g++ -std=gnu++20 -I"/usr/share/R/include" -DNDEBUG  -I'/home/gueguema/R/x86_64-pc-linux-gnu-library/4.6/cpp11/include' -I'/home/gueguema/R/x86_64-pc-linux-gnu-library/4.6/tzdb/include'     -fpic  -g -O2 -ffile-prefix-map=/build/r-base-oO8drT/r-base-4.6.0=. -fstack-protector-strong -Wformat -Werror=format-security -Wdate-time -D_FORTIFY_SOURCE=2   -c write.cpp -o write.o
g++ -std=gnu++20 -I"/usr/share/R/include" -DNDEBUG  -I'/home/gueguema/R/x86_64-pc-linux-gnu-library/4.6/cpp11/include' -I'/home/gueguema/R/x86_64-pc-linux-gnu-library/4.6/tzdb/include'     -fpic  -g -O2 -ffile-prefix-map=/build/r-base-oO8drT/r-base-4.6.0=. -fstack-protector-strong -Wformat -Werror=format-security -Wdate-time -D_FORTIFY_SOURCE=2   -c write_delim.cpp -o write_delim.o
g++ -std=gnu++20 -shared -L/usr/lib/R/lib -Wl,-Bsymbolic-functions -flto=auto -ffat-lto-objects -flto=auto -Wl,-z,relro -o readr.so Collector.o CollectorGuess.o Iconv.o LocaleInfo.o Reader.o Source.o Tokenizer.o TokenizerDelim.o TokenizerFwf.o TokenizerWs.o connection.o cpp11.o datetime.o grisu3.o init.o parse.o read.o type_convert.o write.o write_delim.o -L/usr/lib/R/lib -lR
installing to /home/gueguema/Documents/_PACKAGES/biomod2/Library/00LOCK-readr/00new/readr/libs
** R
** inst
** byte-compile and prepare package for lazy loading
** help
*** installing help indices
*** copying figures
** building package indices
** installing vignettes
** testing if installed package can be loaded from temporary location
** checking absolute paths in shared objects and dynamic libraries
** testing if installed package can be loaded from final location
** testing if installed package keeps a record of temporary installation path
* DONE (readr)
