* installing *source* package ‘ade4’ ...
** this is package ‘ade4’ version ‘1.7-24’
** package ‘ade4’ successfully unpacked and MD5 sums checked
** using staged installation
** libs
using C compiler: ‘cc (Ubuntu 11.4.0-1ubuntu1~22.04.3) 11.4.0’
using C++ compiler: ‘g++ (Ubuntu 11.4.0-1ubuntu1~22.04.3) 11.4.0’
g++ -std=gnu++20 -I"/usr/share/R/include" -DNDEBUG -I../inst/include -I'/home/gueguema/R/x86_64-pc-linux-gnu-library/4.6/Rcpp/include' -I'/home/gueguema/Documents/_PACKAGES/biomod2/Library/RcppArmadillo/include'     -fpic  -g -O2 -ffile-prefix-map=/build/r-base-oO8drT/r-base-4.6.0=. -fstack-protector-strong -Wformat -Werror=format-security -Wdate-time -D_FORTIFY_SOURCE=2   -c RcppExports.cpp -o RcppExports.o
g++ -std=gnu++20 -I"/usr/share/R/include" -DNDEBUG -I../inst/include -I'/home/gueguema/R/x86_64-pc-linux-gnu-library/4.6/Rcpp/include' -I'/home/gueguema/Documents/_PACKAGES/biomod2/Library/RcppArmadillo/include'     -fpic  -g -O2 -ffile-prefix-map=/build/r-base-oO8drT/r-base-4.6.0=. -fstack-protector-strong -Wformat -Werror=format-security -Wdate-time -D_FORTIFY_SOURCE=2   -c ade4libCpp.cpp -o ade4libCpp.o
cc -I"/usr/share/R/include" -DNDEBUG -I../inst/include -I'/home/gueguema/R/x86_64-pc-linux-gnu-library/4.6/Rcpp/include' -I'/home/gueguema/Documents/_PACKAGES/biomod2/Library/RcppArmadillo/include'     -fpic  -g -O2 -ffile-prefix-map=/build/r-base-oO8drT/r-base-4.6.0=. -fstack-protector-strong -Wformat -Werror=format-security -Wdate-time -D_FORTIFY_SOURCE=2  -c adesub.c -o adesub.o
cc -I"/usr/share/R/include" -DNDEBUG -I../inst/include -I'/home/gueguema/R/x86_64-pc-linux-gnu-library/4.6/Rcpp/include' -I'/home/gueguema/Documents/_PACKAGES/biomod2/Library/RcppArmadillo/include'     -fpic  -g -O2 -ffile-prefix-map=/build/r-base-oO8drT/r-base-4.6.0=. -fstack-protector-strong -Wformat -Werror=format-security -Wdate-time -D_FORTIFY_SOURCE=2  -c divsub.c -o divsub.o
cc -I"/usr/share/R/include" -DNDEBUG -I../inst/include -I'/home/gueguema/R/x86_64-pc-linux-gnu-library/4.6/Rcpp/include' -I'/home/gueguema/Documents/_PACKAGES/biomod2/Library/RcppArmadillo/include'     -fpic  -g -O2 -ffile-prefix-map=/build/r-base-oO8drT/r-base-4.6.0=. -fstack-protector-strong -Wformat -Werror=format-security -Wdate-time -D_FORTIFY_SOURCE=2  -c fourthcorner.c -o fourthcorner.o
cc -I"/usr/share/R/include" -DNDEBUG -I../inst/include -I'/home/gueguema/R/x86_64-pc-linux-gnu-library/4.6/Rcpp/include' -I'/home/gueguema/Documents/_PACKAGES/biomod2/Library/RcppArmadillo/include'     -fpic  -g -O2 -ffile-prefix-map=/build/r-base-oO8drT/r-base-4.6.0=. -fstack-protector-strong -Wformat -Werror=format-security -Wdate-time -D_FORTIFY_SOURCE=2  -c init.c -o init.o
cc -I"/usr/share/R/include" -DNDEBUG -I../inst/include -I'/home/gueguema/R/x86_64-pc-linux-gnu-library/4.6/Rcpp/include' -I'/home/gueguema/Documents/_PACKAGES/biomod2/Library/RcppArmadillo/include'     -fpic  -g -O2 -ffile-prefix-map=/build/r-base-oO8drT/r-base-4.6.0=. -fstack-protector-strong -Wformat -Werror=format-security -Wdate-time -D_FORTIFY_SOURCE=2  -c phylog.c -o phylog.o
cc -I"/usr/share/R/include" -DNDEBUG -I../inst/include -I'/home/gueguema/R/x86_64-pc-linux-gnu-library/4.6/Rcpp/include' -I'/home/gueguema/Documents/_PACKAGES/biomod2/Library/RcppArmadillo/include'     -fpic  -g -O2 -ffile-prefix-map=/build/r-base-oO8drT/r-base-4.6.0=. -fstack-protector-strong -Wformat -Werror=format-security -Wdate-time -D_FORTIFY_SOURCE=2  -c testamova.c -o testamova.o
cc -I"/usr/share/R/include" -DNDEBUG -I../inst/include -I'/home/gueguema/R/x86_64-pc-linux-gnu-library/4.6/Rcpp/include' -I'/home/gueguema/Documents/_PACKAGES/biomod2/Library/RcppArmadillo/include'     -fpic  -g -O2 -ffile-prefix-map=/build/r-base-oO8drT/r-base-4.6.0=. -fstack-protector-strong -Wformat -Werror=format-security -Wdate-time -D_FORTIFY_SOURCE=2  -c testdim.c -o testdim.o
cc -I"/usr/share/R/include" -DNDEBUG -I../inst/include -I'/home/gueguema/R/x86_64-pc-linux-gnu-library/4.6/Rcpp/include' -I'/home/gueguema/Documents/_PACKAGES/biomod2/Library/RcppArmadillo/include'     -fpic  -g -O2 -ffile-prefix-map=/build/r-base-oO8drT/r-base-4.6.0=. -fstack-protector-strong -Wformat -Werror=format-security -Wdate-time -D_FORTIFY_SOURCE=2  -c testrlq.c -o testrlq.o
cc -I"/usr/share/R/include" -DNDEBUG -I../inst/include -I'/home/gueguema/R/x86_64-pc-linux-gnu-library/4.6/Rcpp/include' -I'/home/gueguema/Documents/_PACKAGES/biomod2/Library/RcppArmadillo/include'     -fpic  -g -O2 -ffile-prefix-map=/build/r-base-oO8drT/r-base-4.6.0=. -fstack-protector-strong -Wformat -Werror=format-security -Wdate-time -D_FORTIFY_SOURCE=2  -c tests.c -o tests.o
g++ -std=gnu++20 -I"/usr/share/R/include" -DNDEBUG -I../inst/include -I'/home/gueguema/R/x86_64-pc-linux-gnu-library/4.6/Rcpp/include' -I'/home/gueguema/Documents/_PACKAGES/biomod2/Library/RcppArmadillo/include'     -fpic  -g -O2 -ffile-prefix-map=/build/r-base-oO8drT/r-base-4.6.0=. -fstack-protector-strong -Wformat -Werror=format-security -Wdate-time -D_FORTIFY_SOURCE=2   -c testsCpp.cpp -o testsCpp.o
g++ -std=gnu++20 -shared -L/usr/lib/R/lib -Wl,-Bsymbolic-functions -flto=auto -ffat-lto-objects -flto=auto -Wl,-z,relro -o ade4.so RcppExports.o ade4libCpp.o adesub.o divsub.o fourthcorner.o init.o phylog.o testamova.o testdim.o testrlq.o tests.o testsCpp.o -llapack -lblas -lgfortran -lm -lquadmath -L/usr/lib/R/lib -lR
installing to /home/gueguema/Documents/_PACKAGES/biomod2/Library/00LOCK-ade4/00new/ade4/libs
** R
** data
** inst
** byte-compile and prepare package for lazy loading
** help
*** installing help indices
*** copying figures
** building package indices
** installing vignettes
** testing if installed package can be loaded from temporary location
** checking absolute paths in shared objects and dynamic libraries
** testing if installed package can be loaded from final location
** testing if installed package keeps a record of temporary installation path
* DONE (ade4)
