* installing *source* package ‘sf’ ...
** this is package ‘sf’ version ‘1.1-1’
** package ‘sf’ successfully unpacked and MD5 sums checked
** using staged installation
configure: CC: cc
configure: CXX: g++ -std=gnu++20
checking for gdal-config... /usr/bin/gdal-config
checking gdal-config usability... yes
configure: GDAL: 3.4.1
checking GDAL version >= 2.0.1... yes
checking for gcc... cc
checking whether the C compiler works... yes
checking for C compiler default output file name... a.out
checking for suffix of executables... 
checking whether we are cross compiling... no
checking for suffix of object files... o
checking whether the compiler supports GNU C... yes
checking whether cc accepts -g... yes
checking for cc option to enable C11 features... none needed
checking for stdio.h... yes
checking for stdlib.h... yes
checking for string.h... yes
checking for inttypes.h... yes
checking for stdint.h... yes
checking for strings.h... yes
checking for sys/stat.h... yes
checking for sys/types.h... yes
checking for unistd.h... yes
checking for gdal.h... yes
checking GDAL: linking with --libs only... yes
checking GDAL: /usr/share/gdal/pcs.csv readable... no
checking GDAL: checking whether PROJ is available for linking:... yes
checking GDAL: checking whether PROJ is available for running:... yes
configure: GDAL: 3.4.1
configure: pkg-config proj exists, will use it
configure: using proj.h.
configure: PROJ: 8.2.1
checking PROJ: checking whether PROJ and sqlite3 are available for linking:... yes
checking for geos-config... /usr/bin/geos-config
checking geos-config usability... yes
configure: GEOS: 3.10.2
checking GEOS version >= 3.4.0... yes
checking for geos_c.h... yes
checking geos: linking with -L/usr/lib/x86_64-linux-gnu -lgeos_c... yes
configure: Package CPP flags:   -DHAVE_PROJ_H -I/usr/include/gdal -I/usr/include
configure: Package LIBS: -lproj   -L/usr/lib -lgdal -L/usr/lib/x86_64-linux-gnu -lgeos_c
configure: creating ./config.status
config.status: creating src/Makevars
** libs
using C++ compiler: ‘g++ (Ubuntu 11.4.0-1ubuntu1~22.04.3) 11.4.0’
g++ -std=gnu++20 -I"/usr/share/R/include" -DNDEBUG -DHAVE_PROJ_H -I/usr/include/gdal -I/usr/include -I'/home/gueguema/R/x86_64-pc-linux-gnu-library/4.6/Rcpp/include'     -fpic  -g -O2 -ffile-prefix-map=/build/r-base-oO8drT/r-base-4.6.0=. -fstack-protector-strong -Wformat -Werror=format-security -Wdate-time -D_FORTIFY_SOURCE=2   -c RcppExports.cpp -o RcppExports.o
g++ -std=gnu++20 -I"/usr/share/R/include" -DNDEBUG -DHAVE_PROJ_H -I/usr/include/gdal -I/usr/include -I'/home/gueguema/R/x86_64-pc-linux-gnu-library/4.6/Rcpp/include'     -fpic  -g -O2 -ffile-prefix-map=/build/r-base-oO8drT/r-base-4.6.0=. -fstack-protector-strong -Wformat -Werror=format-security -Wdate-time -D_FORTIFY_SOURCE=2   -c bbox.cpp -o bbox.o
g++ -std=gnu++20 -I"/usr/share/R/include" -DNDEBUG -DHAVE_PROJ_H -I/usr/include/gdal -I/usr/include -I'/home/gueguema/R/x86_64-pc-linux-gnu-library/4.6/Rcpp/include'     -fpic  -g -O2 -ffile-prefix-map=/build/r-base-oO8drT/r-base-4.6.0=. -fstack-protector-strong -Wformat -Werror=format-security -Wdate-time -D_FORTIFY_SOURCE=2   -c gdal.cpp -o gdal.o
g++ -std=gnu++20 -I"/usr/share/R/include" -DNDEBUG -DHAVE_PROJ_H -I/usr/include/gdal -I/usr/include -I'/home/gueguema/R/x86_64-pc-linux-gnu-library/4.6/Rcpp/include'     -fpic  -g -O2 -ffile-prefix-map=/build/r-base-oO8drT/r-base-4.6.0=. -fstack-protector-strong -Wformat -Werror=format-security -Wdate-time -D_FORTIFY_SOURCE=2   -c gdal_geom.cpp -o gdal_geom.o
g++ -std=gnu++20 -I"/usr/share/R/include" -DNDEBUG -DHAVE_PROJ_H -I/usr/include/gdal -I/usr/include -I'/home/gueguema/R/x86_64-pc-linux-gnu-library/4.6/Rcpp/include'     -fpic  -g -O2 -ffile-prefix-map=/build/r-base-oO8drT/r-base-4.6.0=. -fstack-protector-strong -Wformat -Werror=format-security -Wdate-time -D_FORTIFY_SOURCE=2   -c gdal_read.cpp -o gdal_read.o
g++ -std=gnu++20 -I"/usr/share/R/include" -DNDEBUG -DHAVE_PROJ_H -I/usr/include/gdal -I/usr/include -I'/home/gueguema/R/x86_64-pc-linux-gnu-library/4.6/Rcpp/include'     -fpic  -g -O2 -ffile-prefix-map=/build/r-base-oO8drT/r-base-4.6.0=. -fstack-protector-strong -Wformat -Werror=format-security -Wdate-time -D_FORTIFY_SOURCE=2   -c gdal_read_stream.cpp -o gdal_read_stream.o
g++ -std=gnu++20 -I"/usr/share/R/include" -DNDEBUG -DHAVE_PROJ_H -I/usr/include/gdal -I/usr/include -I'/home/gueguema/R/x86_64-pc-linux-gnu-library/4.6/Rcpp/include'     -fpic  -g -O2 -ffile-prefix-map=/build/r-base-oO8drT/r-base-4.6.0=. -fstack-protector-strong -Wformat -Werror=format-security -Wdate-time -D_FORTIFY_SOURCE=2   -c gdal_utils.cpp -o gdal_utils.o
g++ -std=gnu++20 -I"/usr/share/R/include" -DNDEBUG -DHAVE_PROJ_H -I/usr/include/gdal -I/usr/include -I'/home/gueguema/R/x86_64-pc-linux-gnu-library/4.6/Rcpp/include'     -fpic  -g -O2 -ffile-prefix-map=/build/r-base-oO8drT/r-base-4.6.0=. -fstack-protector-strong -Wformat -Werror=format-security -Wdate-time -D_FORTIFY_SOURCE=2   -c gdal_write.cpp -o gdal_write.o
g++ -std=gnu++20 -I"/usr/share/R/include" -DNDEBUG -DHAVE_PROJ_H -I/usr/include/gdal -I/usr/include -I'/home/gueguema/R/x86_64-pc-linux-gnu-library/4.6/Rcpp/include'     -fpic  -g -O2 -ffile-prefix-map=/build/r-base-oO8drT/r-base-4.6.0=. -fstack-protector-strong -Wformat -Werror=format-security -Wdate-time -D_FORTIFY_SOURCE=2   -c geos.cpp -o geos.o
g++ -std=gnu++20 -I"/usr/share/R/include" -DNDEBUG -DHAVE_PROJ_H -I/usr/include/gdal -I/usr/include -I'/home/gueguema/R/x86_64-pc-linux-gnu-library/4.6/Rcpp/include'     -fpic  -g -O2 -ffile-prefix-map=/build/r-base-oO8drT/r-base-4.6.0=. -fstack-protector-strong -Wformat -Werror=format-security -Wdate-time -D_FORTIFY_SOURCE=2   -c hex.cpp -o hex.o
g++ -std=gnu++20 -I"/usr/share/R/include" -DNDEBUG -DHAVE_PROJ_H -I/usr/include/gdal -I/usr/include -I'/home/gueguema/R/x86_64-pc-linux-gnu-library/4.6/Rcpp/include'     -fpic  -g -O2 -ffile-prefix-map=/build/r-base-oO8drT/r-base-4.6.0=. -fstack-protector-strong -Wformat -Werror=format-security -Wdate-time -D_FORTIFY_SOURCE=2   -c mdim.cpp -o mdim.o
g++ -std=gnu++20 -I"/usr/share/R/include" -DNDEBUG -DHAVE_PROJ_H -I/usr/include/gdal -I/usr/include -I'/home/gueguema/R/x86_64-pc-linux-gnu-library/4.6/Rcpp/include'     -fpic  -g -O2 -ffile-prefix-map=/build/r-base-oO8drT/r-base-4.6.0=. -fstack-protector-strong -Wformat -Werror=format-security -Wdate-time -D_FORTIFY_SOURCE=2   -c ops.cpp -o ops.o
g++ -std=gnu++20 -I"/usr/share/R/include" -DNDEBUG -DHAVE_PROJ_H -I/usr/include/gdal -I/usr/include -I'/home/gueguema/R/x86_64-pc-linux-gnu-library/4.6/Rcpp/include'     -fpic  -g -O2 -ffile-prefix-map=/build/r-base-oO8drT/r-base-4.6.0=. -fstack-protector-strong -Wformat -Werror=format-security -Wdate-time -D_FORTIFY_SOURCE=2   -c polygonize.cpp -o polygonize.o
g++ -std=gnu++20 -I"/usr/share/R/include" -DNDEBUG -DHAVE_PROJ_H -I/usr/include/gdal -I/usr/include -I'/home/gueguema/R/x86_64-pc-linux-gnu-library/4.6/Rcpp/include'     -fpic  -g -O2 -ffile-prefix-map=/build/r-base-oO8drT/r-base-4.6.0=. -fstack-protector-strong -Wformat -Werror=format-security -Wdate-time -D_FORTIFY_SOURCE=2   -c proj.cpp -o proj.o
g++ -std=gnu++20 -I"/usr/share/R/include" -DNDEBUG -DHAVE_PROJ_H -I/usr/include/gdal -I/usr/include -I'/home/gueguema/R/x86_64-pc-linux-gnu-library/4.6/Rcpp/include'     -fpic  -g -O2 -ffile-prefix-map=/build/r-base-oO8drT/r-base-4.6.0=. -fstack-protector-strong -Wformat -Werror=format-security -Wdate-time -D_FORTIFY_SOURCE=2   -c proj_info.cpp -o proj_info.o
g++ -std=gnu++20 -I"/usr/share/R/include" -DNDEBUG -DHAVE_PROJ_H -I/usr/include/gdal -I/usr/include -I'/home/gueguema/R/x86_64-pc-linux-gnu-library/4.6/Rcpp/include'     -fpic  -g -O2 -ffile-prefix-map=/build/r-base-oO8drT/r-base-4.6.0=. -fstack-protector-strong -Wformat -Werror=format-security -Wdate-time -D_FORTIFY_SOURCE=2   -c raster2sf.cpp -o raster2sf.o
g++ -std=gnu++20 -I"/usr/share/R/include" -DNDEBUG -DHAVE_PROJ_H -I/usr/include/gdal -I/usr/include -I'/home/gueguema/R/x86_64-pc-linux-gnu-library/4.6/Rcpp/include'     -fpic  -g -O2 -ffile-prefix-map=/build/r-base-oO8drT/r-base-4.6.0=. -fstack-protector-strong -Wformat -Werror=format-security -Wdate-time -D_FORTIFY_SOURCE=2   -c sfc-sfg.cpp -o sfc-sfg.o
g++ -std=gnu++20 -I"/usr/share/R/include" -DNDEBUG -DHAVE_PROJ_H -I/usr/include/gdal -I/usr/include -I'/home/gueguema/R/x86_64-pc-linux-gnu-library/4.6/Rcpp/include'     -fpic  -g -O2 -ffile-prefix-map=/build/r-base-oO8drT/r-base-4.6.0=. -fstack-protector-strong -Wformat -Werror=format-security -Wdate-time -D_FORTIFY_SOURCE=2   -c signed_area.cpp -o signed_area.o
g++ -std=gnu++20 -I"/usr/share/R/include" -DNDEBUG -DHAVE_PROJ_H -I/usr/include/gdal -I/usr/include -I'/home/gueguema/R/x86_64-pc-linux-gnu-library/4.6/Rcpp/include'     -fpic  -g -O2 -ffile-prefix-map=/build/r-base-oO8drT/r-base-4.6.0=. -fstack-protector-strong -Wformat -Werror=format-security -Wdate-time -D_FORTIFY_SOURCE=2   -c stars.cpp -o stars.o
g++ -std=gnu++20 -I"/usr/share/R/include" -DNDEBUG -DHAVE_PROJ_H -I/usr/include/gdal -I/usr/include -I'/home/gueguema/R/x86_64-pc-linux-gnu-library/4.6/Rcpp/include'     -fpic  -g -O2 -ffile-prefix-map=/build/r-base-oO8drT/r-base-4.6.0=. -fstack-protector-strong -Wformat -Werror=format-security -Wdate-time -D_FORTIFY_SOURCE=2   -c wkb.cpp -o wkb.o
g++ -std=gnu++20 -I"/usr/share/R/include" -DNDEBUG -DHAVE_PROJ_H -I/usr/include/gdal -I/usr/include -I'/home/gueguema/R/x86_64-pc-linux-gnu-library/4.6/Rcpp/include'     -fpic  -g -O2 -ffile-prefix-map=/build/r-base-oO8drT/r-base-4.6.0=. -fstack-protector-strong -Wformat -Werror=format-security -Wdate-time -D_FORTIFY_SOURCE=2   -c zm_range.cpp -o zm_range.o
g++ -std=gnu++20 -shared -L/usr/lib/R/lib -Wl,-Bsymbolic-functions -flto=auto -ffat-lto-objects -flto=auto -Wl,-z,relro -o sf.so RcppExports.o bbox.o gdal.o gdal_geom.o gdal_read.o gdal_read_stream.o gdal_utils.o gdal_write.o geos.o hex.o mdim.o ops.o polygonize.o proj.o proj_info.o raster2sf.o sfc-sfg.o signed_area.o stars.o wkb.o zm_range.o -lproj -L/usr/lib -lgdal -L/usr/lib/x86_64-linux-gnu -lgeos_c -L/usr/lib/R/lib -lR
installing to /home/gueguema/Documents/_PACKAGES/biomod2/Library/00LOCK-sf/00new/sf/libs
** R
** demo
** inst
** byte-compile and prepare package for lazy loading
dans la méthode pour ‘dbWriteTable’ avec la signature ‘"PostgreSQLConnection","character","sf"’ : aucune définition de la classe “PostgreSQLConnection” n'est trouvée
dans la méthode pour ‘dbDataType’ avec la signature ‘"PostgreSQLConnection","sf"’ : aucune définition de la classe “PostgreSQLConnection” n'est trouvée
dans la méthode pour ‘coerce’ avec la signature ‘"Spatial","sf"’ : aucune définition de la classe “Spatial” n'est trouvée
dans la méthode pour ‘coerce’ avec la signature ‘"Spatial","sfc"’ : aucune définition de la classe “Spatial” n'est trouvée
dans la méthode pour ‘coerce’ avec la signature ‘"sf","Spatial"’ : aucune définition de la classe “Spatial” n'est trouvée
dans la méthode pour ‘coerce’ avec la signature ‘"sfc","Spatial"’ : aucune définition de la classe “Spatial” n'est trouvée
dans la méthode pour ‘coerce’ avec la signature ‘"XY","Spatial"’ : aucune définition de la classe “Spatial” n'est trouvée
dans la méthode pour ‘coerce’ avec la signature ‘"crs","CRS"’ : aucune définition de la classe “CRS” n'est trouvée
dans la méthode pour ‘coerce’ avec la signature ‘"sgbp","sparseMatrix"’ : aucune définition de la classe “sparseMatrix” n'est trouvée
** help
*** installing help indices
*** copying figures
** building package indices
** installing vignettes
** testing if installed package can be loaded from temporary location
** checking absolute paths in shared objects and dynamic libraries
** testing if installed package can be loaded from final location
** testing if installed package keeps a record of temporary installation path
* DONE (sf)
