* installing *source* package ‘wk’ ...
** this is package ‘wk’ version ‘0.9.5’
** package ‘wk’ successfully unpacked and MD5 sums checked
** using staged installation
** libs
using C compiler: ‘cc (Ubuntu 11.4.0-1ubuntu1~22.04.3) 11.4.0’
using C++ compiler: ‘g++ (Ubuntu 11.4.0-1ubuntu1~22.04.3) 11.4.0’
cc -I"/usr/share/R/include" -DNDEBUG -I../inst/include/      -fpic  -g -O2 -ffile-prefix-map=/build/r-base-oO8drT/r-base-4.6.0=. -fstack-protector-strong -Wformat -Werror=format-security -Wdate-time -D_FORTIFY_SOURCE=2  -c bbox-handler.c -o bbox-handler.o
cc -I"/usr/share/R/include" -DNDEBUG -I../inst/include/      -fpic  -g -O2 -ffile-prefix-map=/build/r-base-oO8drT/r-base-4.6.0=. -fstack-protector-strong -Wformat -Werror=format-security -Wdate-time -D_FORTIFY_SOURCE=2  -c count-handler.c -o count-handler.o
cc -I"/usr/share/R/include" -DNDEBUG -I../inst/include/      -fpic  -g -O2 -ffile-prefix-map=/build/r-base-oO8drT/r-base-4.6.0=. -fstack-protector-strong -Wformat -Werror=format-security -Wdate-time -D_FORTIFY_SOURCE=2  -c debug-filter.c -o debug-filter.o
cc -I"/usr/share/R/include" -DNDEBUG -I../inst/include/      -fpic  -g -O2 -ffile-prefix-map=/build/r-base-oO8drT/r-base-4.6.0=. -fstack-protector-strong -Wformat -Werror=format-security -Wdate-time -D_FORTIFY_SOURCE=2  -c flatten-filter.c -o flatten-filter.o
cc -I"/usr/share/R/include" -DNDEBUG -I../inst/include/      -fpic  -g -O2 -ffile-prefix-map=/build/r-base-oO8drT/r-base-4.6.0=. -fstack-protector-strong -Wformat -Werror=format-security -Wdate-time -D_FORTIFY_SOURCE=2  -c handle-crc.c -o handle-crc.o
cc -I"/usr/share/R/include" -DNDEBUG -I../inst/include/      -fpic  -g -O2 -ffile-prefix-map=/build/r-base-oO8drT/r-base-4.6.0=. -fstack-protector-strong -Wformat -Werror=format-security -Wdate-time -D_FORTIFY_SOURCE=2  -c handle-rct.c -o handle-rct.o
cc -I"/usr/share/R/include" -DNDEBUG -I../inst/include/      -fpic  -g -O2 -ffile-prefix-map=/build/r-base-oO8drT/r-base-4.6.0=. -fstack-protector-strong -Wformat -Werror=format-security -Wdate-time -D_FORTIFY_SOURCE=2  -c handle-sfc.c -o handle-sfc.o
cc -I"/usr/share/R/include" -DNDEBUG -I../inst/include/      -fpic  -g -O2 -ffile-prefix-map=/build/r-base-oO8drT/r-base-4.6.0=. -fstack-protector-strong -Wformat -Werror=format-security -Wdate-time -D_FORTIFY_SOURCE=2  -c handle-wkb.c -o handle-wkb.o
g++ -std=gnu++20 -I"/usr/share/R/include" -DNDEBUG -I../inst/include/      -fpic  -g -O2 -ffile-prefix-map=/build/r-base-oO8drT/r-base-4.6.0=. -fstack-protector-strong -Wformat -Werror=format-security -Wdate-time -D_FORTIFY_SOURCE=2   -c handle-wkt.cpp -o handle-wkt.o
cc -I"/usr/share/R/include" -DNDEBUG -I../inst/include/      -fpic  -g -O2 -ffile-prefix-map=/build/r-base-oO8drT/r-base-4.6.0=. -fstack-protector-strong -Wformat -Werror=format-security -Wdate-time -D_FORTIFY_SOURCE=2  -c handle-xy.c -o handle-xy.o
cc -I"/usr/share/R/include" -DNDEBUG -I../inst/include/      -fpic  -g -O2 -ffile-prefix-map=/build/r-base-oO8drT/r-base-4.6.0=. -fstack-protector-strong -Wformat -Werror=format-security -Wdate-time -D_FORTIFY_SOURCE=2  -c identity-filter.c -o identity-filter.o
cc -I"/usr/share/R/include" -DNDEBUG -I../inst/include/      -fpic  -g -O2 -ffile-prefix-map=/build/r-base-oO8drT/r-base-4.6.0=. -fstack-protector-strong -Wformat -Werror=format-security -Wdate-time -D_FORTIFY_SOURCE=2  -c init.c -o init.o
cc -I"/usr/share/R/include" -DNDEBUG -I../inst/include/      -fpic  -g -O2 -ffile-prefix-map=/build/r-base-oO8drT/r-base-4.6.0=. -fstack-protector-strong -Wformat -Werror=format-security -Wdate-time -D_FORTIFY_SOURCE=2  -c make-collection-filter.c -o make-collection-filter.o
cc -I"/usr/share/R/include" -DNDEBUG -I../inst/include/      -fpic  -g -O2 -ffile-prefix-map=/build/r-base-oO8drT/r-base-4.6.0=. -fstack-protector-strong -Wformat -Werror=format-security -Wdate-time -D_FORTIFY_SOURCE=2  -c make-linestring-filter.c -o make-linestring-filter.o
cc -I"/usr/share/R/include" -DNDEBUG -I../inst/include/      -fpic  -g -O2 -ffile-prefix-map=/build/r-base-oO8drT/r-base-4.6.0=. -fstack-protector-strong -Wformat -Werror=format-security -Wdate-time -D_FORTIFY_SOURCE=2  -c make-polygon-filter.c -o make-polygon-filter.o
cc -I"/usr/share/R/include" -DNDEBUG -I../inst/include/      -fpic  -g -O2 -ffile-prefix-map=/build/r-base-oO8drT/r-base-4.6.0=. -fstack-protector-strong -Wformat -Werror=format-security -Wdate-time -D_FORTIFY_SOURCE=2  -c meta-handler.c -o meta-handler.o
g++ -std=gnu++20 -I"/usr/share/R/include" -DNDEBUG -I../inst/include/      -fpic  -g -O2 -ffile-prefix-map=/build/r-base-oO8drT/r-base-4.6.0=. -fstack-protector-strong -Wformat -Werror=format-security -Wdate-time -D_FORTIFY_SOURCE=2   -c orient-filter.cpp -o orient-filter.o
cc -I"/usr/share/R/include" -DNDEBUG -I../inst/include/      -fpic  -g -O2 -ffile-prefix-map=/build/r-base-oO8drT/r-base-4.6.0=. -fstack-protector-strong -Wformat -Werror=format-security -Wdate-time -D_FORTIFY_SOURCE=2  -c problems-handler.c -o problems-handler.o
cc -I"/usr/share/R/include" -DNDEBUG -I../inst/include/      -fpic  -g -O2 -ffile-prefix-map=/build/r-base-oO8drT/r-base-4.6.0=. -fstack-protector-strong -Wformat -Werror=format-security -Wdate-time -D_FORTIFY_SOURCE=2  -c sfc-writer.c -o sfc-writer.o
cc -I"/usr/share/R/include" -DNDEBUG -I../inst/include/      -fpic  -g -O2 -ffile-prefix-map=/build/r-base-oO8drT/r-base-4.6.0=. -fstack-protector-strong -Wformat -Werror=format-security -Wdate-time -D_FORTIFY_SOURCE=2  -c trans-affine.c -o trans-affine.o
cc -I"/usr/share/R/include" -DNDEBUG -I../inst/include/      -fpic  -g -O2 -ffile-prefix-map=/build/r-base-oO8drT/r-base-4.6.0=. -fstack-protector-strong -Wformat -Werror=format-security -Wdate-time -D_FORTIFY_SOURCE=2  -c trans-explicit.c -o trans-explicit.o
cc -I"/usr/share/R/include" -DNDEBUG -I../inst/include/      -fpic  -g -O2 -ffile-prefix-map=/build/r-base-oO8drT/r-base-4.6.0=. -fstack-protector-strong -Wformat -Werror=format-security -Wdate-time -D_FORTIFY_SOURCE=2  -c trans-set.c -o trans-set.o
cc -I"/usr/share/R/include" -DNDEBUG -I../inst/include/      -fpic  -g -O2 -ffile-prefix-map=/build/r-base-oO8drT/r-base-4.6.0=. -fstack-protector-strong -Wformat -Werror=format-security -Wdate-time -D_FORTIFY_SOURCE=2  -c transform.c -o transform.o
cc -I"/usr/share/R/include" -DNDEBUG -I../inst/include/      -fpic  -g -O2 -ffile-prefix-map=/build/r-base-oO8drT/r-base-4.6.0=. -fstack-protector-strong -Wformat -Werror=format-security -Wdate-time -D_FORTIFY_SOURCE=2  -c vctr.c -o vctr.o
cc -I"/usr/share/R/include" -DNDEBUG -I../inst/include/      -fpic  -g -O2 -ffile-prefix-map=/build/r-base-oO8drT/r-base-4.6.0=. -fstack-protector-strong -Wformat -Werror=format-security -Wdate-time -D_FORTIFY_SOURCE=2  -c vertex-filter.c -o vertex-filter.o
cc -I"/usr/share/R/include" -DNDEBUG -I../inst/include/      -fpic  -g -O2 -ffile-prefix-map=/build/r-base-oO8drT/r-base-4.6.0=. -fstack-protector-strong -Wformat -Werror=format-security -Wdate-time -D_FORTIFY_SOURCE=2  -c void-handler.c -o void-handler.o
cc -I"/usr/share/R/include" -DNDEBUG -I../inst/include/      -fpic  -g -O2 -ffile-prefix-map=/build/r-base-oO8drT/r-base-4.6.0=. -fstack-protector-strong -Wformat -Werror=format-security -Wdate-time -D_FORTIFY_SOURCE=2  -c wk-v1.c -o wk-v1.o
cc -I"/usr/share/R/include" -DNDEBUG -I../inst/include/      -fpic  -g -O2 -ffile-prefix-map=/build/r-base-oO8drT/r-base-4.6.0=. -fstack-protector-strong -Wformat -Werror=format-security -Wdate-time -D_FORTIFY_SOURCE=2  -c wkb-writer.c -o wkb-writer.o
g++ -std=gnu++20 -I"/usr/share/R/include" -DNDEBUG -I../inst/include/      -fpic  -g -O2 -ffile-prefix-map=/build/r-base-oO8drT/r-base-4.6.0=. -fstack-protector-strong -Wformat -Werror=format-security -Wdate-time -D_FORTIFY_SOURCE=2   -c wkt-writer.cpp -o wkt-writer.o
cc -I"/usr/share/R/include" -DNDEBUG -I../inst/include/      -fpic  -g -O2 -ffile-prefix-map=/build/r-base-oO8drT/r-base-4.6.0=. -fstack-protector-strong -Wformat -Werror=format-security -Wdate-time -D_FORTIFY_SOURCE=2  -c xy-writer.c -o xy-writer.o
g++ -std=gnu++20 -shared -L/usr/lib/R/lib -Wl,-Bsymbolic-functions -flto=auto -ffat-lto-objects -flto=auto -Wl,-z,relro -o wk.so bbox-handler.o count-handler.o debug-filter.o flatten-filter.o handle-crc.o handle-rct.o handle-sfc.o handle-wkb.o handle-wkt.o handle-xy.o identity-filter.o init.o make-collection-filter.o make-linestring-filter.o make-polygon-filter.o meta-handler.o orient-filter.o problems-handler.o sfc-writer.o trans-affine.o trans-explicit.o trans-set.o transform.o vctr.o vertex-filter.o void-handler.o wk-v1.o wkb-writer.o wkt-writer.o xy-writer.o -L/usr/lib/R/lib -lR
installing to /home/gueguema/Documents/_PACKAGES/biomod2/Library/00LOCK-wk/00new/wk/libs
** R
** data
*** moving datasets to lazyload DB
** inst
** byte-compile and prepare package for lazy loading
** help
*** installing help indices
** building package indices
** testing if installed package can be loaded from temporary location
** checking absolute paths in shared objects and dynamic libraries
** testing if installed package can be loaded from final location
** testing if installed package keeps a record of temporary installation path
* DONE (wk)
