* installing *source* package ‘polyclip’ ...
** this is package ‘polyclip’ version ‘1.10-7’
** package ‘polyclip’ successfully unpacked and MD5 sums checked
** using staged installation
checking whether the C++ compiler works... yes
checking for C++ compiler default output file name... a.out
checking for suffix of executables... 
checking whether we are cross compiling... no
checking for suffix of object files... o
checking whether we are using the GNU C++ compiler... yes
checking whether g++ -std=gnu++20 accepts -g... yes
Using PKG_CONFIG: pkg-config
Compiling against bundled copy of clipper library.
checking for int64_t... yes
     In the clipper library, signed 64-bit integers (cInt)
     will be declared as 'int64_t'
checking for uint64_t... yes
     In the clipper library, unsigned 64-bit integers (cUInt)
     will be declared as 'uint64_t'
configure: creating ./config.status
config.status: creating src/Makevars
** libs
using C compiler: ‘cc (Ubuntu 11.4.0-1ubuntu1~22.04.3) 11.4.0’
using C++ compiler: ‘g++ (Ubuntu 11.4.0-1ubuntu1~22.04.3) 11.4.0’
cc -I"/usr/share/R/include" -DNDEBUG -DPOLYCLIP_LONG64="int64_t" -DPOLYCLIP_ULONG64="uint64_t"      -fpic  -g -O2 -ffile-prefix-map=/build/r-base-oO8drT/r-base-4.6.0=. -fstack-protector-strong -Wformat -Werror=format-security -Wdate-time -D_FORTIFY_SOURCE=2  -c init.c -o init.o
g++ -std=gnu++20 -I"/usr/share/R/include" -DNDEBUG -DPOLYCLIP_LONG64="int64_t" -DPOLYCLIP_ULONG64="uint64_t"     -g -O2 -ffile-prefix-map=/build/r-base-oO8drT/r-base-4.6.0=. -fstack-protector-strong -Wformat -Werror=format-security -Wdate-time -D_FORTIFY_SOURCE=2 -fpic  -g -O2 -ffile-prefix-map=/build/r-base-oO8drT/r-base-4.6.0=. -fstack-protector-strong -Wformat -Werror=format-security -Wdate-time -D_FORTIFY_SOURCE=2   -c interface.cpp -o interface.o
g++ -std=gnu++20 -I"/usr/share/R/include" -DNDEBUG -DPOLYCLIP_LONG64="int64_t" -DPOLYCLIP_ULONG64="uint64_t"     -g -O2 -ffile-prefix-map=/build/r-base-oO8drT/r-base-4.6.0=. -fstack-protector-strong -Wformat -Werror=format-security -Wdate-time -D_FORTIFY_SOURCE=2 -fpic  -g -O2 -ffile-prefix-map=/build/r-base-oO8drT/r-base-4.6.0=. -fstack-protector-strong -Wformat -Werror=format-security -Wdate-time -D_FORTIFY_SOURCE=2   -c clipper.cpp -o clipper.o
g++ -std=gnu++20 -shared -L/usr/lib/R/lib -Wl,-Bsymbolic-functions -flto=auto -ffat-lto-objects -flto=auto -Wl,-z,relro -o polyclip.so init.o interface.o clipper.o -L/usr/lib/R/lib -lR
installing to /home/gueguema/Documents/_PACKAGES/biomod2/Library/00LOCK-polyclip/00new/polyclip/libs
** R
** byte-compile and prepare package for lazy loading
** help
*** installing help indices
** building package indices
** testing if installed package can be loaded from temporary location
** checking absolute paths in shared objects and dynamic libraries
** testing if installed package can be loaded from final location
** testing if installed package keeps a record of temporary installation path
* DONE (polyclip)
