* installing *source* package ‘spacetime’ ...
** this is package ‘spacetime’ version ‘1.3-3’
** package ‘spacetime’ successfully unpacked and MD5 sums checked
** using staged installation
** R
** data
** demo
** inst
** byte-compile and prepare package for lazy loading
dans la méthode pour ‘coerce’ avec la signature ‘"RasterStackBrick","STFDF"’ : aucune définition de la classe “RasterStackBrick” n'est trouvée
dans la méthode pour ‘coerce’ avec la signature ‘"STFDF","RasterBrick"’ : aucune définition de la classe “RasterBrick” n'est trouvée
dans la méthode pour ‘stplot’ avec la signature ‘"RasterStackBrick"’ : aucune définition de la classe “RasterStackBrick” n'est trouvée
** help
*** installing help indices
** building package indices
** installing vignettes
** testing if installed package can be loaded from temporary location
** testing if installed package can be loaded from final location
** testing if installed package keeps a record of temporary installation path
* DONE (spacetime)
