* installing *source* package ‘ggforce’ ...
** this is package ‘ggforce’ version ‘0.5.0’
** package ‘ggforce’ successfully unpacked and MD5 sums checked
** using staged installation
** libs
using C++ compiler: ‘g++ (Ubuntu 11.4.0-1ubuntu1~22.04.3) 11.4.0’
g++ -std=gnu++20 -I"/usr/share/R/include" -DNDEBUG  -I'/home/gueguema/R/x86_64-pc-linux-gnu-library/4.6/cpp11/include'     -fpic  -g -O2 -ffile-prefix-map=/build/r-base-oO8drT/r-base-4.6.0=. -fstack-protector-strong -Wformat -Werror=format-security -Wdate-time -D_FORTIFY_SOURCE=2   -c bSpline.cpp -o bSpline.o
g++ -std=gnu++20 -I"/usr/share/R/include" -DNDEBUG  -I'/home/gueguema/R/x86_64-pc-linux-gnu-library/4.6/cpp11/include'     -fpic  -g -O2 -ffile-prefix-map=/build/r-base-oO8drT/r-base-4.6.0=. -fstack-protector-strong -Wformat -Werror=format-security -Wdate-time -D_FORTIFY_SOURCE=2   -c bezier.cpp -o bezier.o
g++ -std=gnu++20 -I"/usr/share/R/include" -DNDEBUG  -I'/home/gueguema/R/x86_64-pc-linux-gnu-library/4.6/cpp11/include'     -fpic  -g -O2 -ffile-prefix-map=/build/r-base-oO8drT/r-base-4.6.0=. -fstack-protector-strong -Wformat -Werror=format-security -Wdate-time -D_FORTIFY_SOURCE=2   -c concaveman.cpp -o concaveman.o
g++ -std=gnu++20 -I"/usr/share/R/include" -DNDEBUG  -I'/home/gueguema/R/x86_64-pc-linux-gnu-library/4.6/cpp11/include'     -fpic  -g -O2 -ffile-prefix-map=/build/r-base-oO8drT/r-base-4.6.0=. -fstack-protector-strong -Wformat -Werror=format-security -Wdate-time -D_FORTIFY_SOURCE=2   -c cpp11.cpp -o cpp11.o
g++ -std=gnu++20 -I"/usr/share/R/include" -DNDEBUG  -I'/home/gueguema/R/x86_64-pc-linux-gnu-library/4.6/cpp11/include'     -fpic  -g -O2 -ffile-prefix-map=/build/r-base-oO8drT/r-base-4.6.0=. -fstack-protector-strong -Wformat -Werror=format-security -Wdate-time -D_FORTIFY_SOURCE=2   -c deBoor.cpp -o deBoor.o
g++ -std=gnu++20 -I"/usr/share/R/include" -DNDEBUG  -I'/home/gueguema/R/x86_64-pc-linux-gnu-library/4.6/cpp11/include'     -fpic  -g -O2 -ffile-prefix-map=/build/r-base-oO8drT/r-base-4.6.0=. -fstack-protector-strong -Wformat -Werror=format-security -Wdate-time -D_FORTIFY_SOURCE=2   -c ellipseEnclose.cpp -o ellipseEnclose.o
g++ -std=gnu++20 -I"/usr/share/R/include" -DNDEBUG  -I'/home/gueguema/R/x86_64-pc-linux-gnu-library/4.6/cpp11/include'     -fpic  -g -O2 -ffile-prefix-map=/build/r-base-oO8drT/r-base-4.6.0=. -fstack-protector-strong -Wformat -Werror=format-security -Wdate-time -D_FORTIFY_SOURCE=2   -c enclose.cpp -o enclose.o
g++ -std=gnu++20 -I"/usr/share/R/include" -DNDEBUG  -I'/home/gueguema/R/x86_64-pc-linux-gnu-library/4.6/cpp11/include'     -fpic  -g -O2 -ffile-prefix-map=/build/r-base-oO8drT/r-base-4.6.0=. -fstack-protector-strong -Wformat -Werror=format-security -Wdate-time -D_FORTIFY_SOURCE=2   -c pointPath.cpp -o pointPath.o
g++ -std=gnu++20 -shared -L/usr/lib/R/lib -Wl,-Bsymbolic-functions -flto=auto -ffat-lto-objects -flto=auto -Wl,-z,relro -o ggforce.so bSpline.o bezier.o concaveman.o cpp11.o deBoor.o ellipseEnclose.o enclose.o pointPath.o -L/usr/lib/R/lib -lR
installing to /home/gueguema/Documents/_PACKAGES/biomod2/Library/00LOCK-ggforce/00new/ggforce/libs
** R
** byte-compile and prepare package for lazy loading
** help
*** installing help indices
*** copying figures
** building package indices
** testing if installed package can be loaded from temporary location
** checking absolute paths in shared objects and dynamic libraries
** testing if installed package can be loaded from final location
** testing if installed package keeps a record of temporary installation path
* DONE (ggforce)
