* installing *source* package ‘multicool’ ...
** this is package ‘multicool’ version ‘1.0.1’
** package ‘multicool’ successfully unpacked and MD5 sums checked
** using staged installation
** libs
using C++ compiler: ‘g++ (Ubuntu 11.4.0-1ubuntu1~22.04.3) 11.4.0’
g++ -std=gnu++20 -I"/usr/share/R/include" -DNDEBUG  -I'/home/gueguema/R/x86_64-pc-linux-gnu-library/4.6/Rcpp/include'     -fpic  -g -O2 -ffile-prefix-map=/build/r-base-oO8drT/r-base-4.6.0=. -fstack-protector-strong -Wformat -Werror=format-security -Wdate-time -D_FORTIFY_SOURCE=2   -c RcppExports.cpp -o RcppExports.o
g++ -std=gnu++20 -I"/usr/share/R/include" -DNDEBUG  -I'/home/gueguema/R/x86_64-pc-linux-gnu-library/4.6/Rcpp/include'     -fpic  -g -O2 -ffile-prefix-map=/build/r-base-oO8drT/r-base-4.6.0=. -fstack-protector-strong -Wformat -Werror=format-security -Wdate-time -D_FORTIFY_SOURCE=2   -c compositions.cpp -o compositions.o
g++ -std=gnu++20 -I"/usr/share/R/include" -DNDEBUG  -I'/home/gueguema/R/x86_64-pc-linux-gnu-library/4.6/Rcpp/include'     -fpic  -g -O2 -ffile-prefix-map=/build/r-base-oO8drT/r-base-4.6.0=. -fstack-protector-strong -Wformat -Werror=format-security -Wdate-time -D_FORTIFY_SOURCE=2   -c multicool.cpp -o multicool.o
In file included from /home/gueguema/R/x86_64-pc-linux-gnu-library/4.6/Rcpp/include/RcppCommon.h:29,
                 from /home/gueguema/R/x86_64-pc-linux-gnu-library/4.6/Rcpp/include/Rcpp.h:27,
                 from multicool.cpp:8:
/home/gueguema/R/x86_64-pc-linux-gnu-library/4.6/Rcpp/include/Rcpp/r/check_r_headers.h:27:21: note: ‘#pragma message: R.h has been included before any Rcpp headers. This can lead to hard-to-debug errors, and is not necessary. See https://github.com/RcppCore/Rcpp/issues/1410’
   27 |     #pragma message "R.h has been included before any Rcpp headers. This can lead to hard-to-debug errors, and is not necessary. See https://github.com/RcppCore/Rcpp/issues/1410"
      |                     ^~~~~~~~~~~~~~~~~~~~~~~~~~~~~~~~~~~~~~~~~~~~~~~~~~~~~~~~~~~~~~~~~~~~~~~~~~~~~~~~~~~~~~~~~~~~~~~~~~~~~~~~~~~~~~~~~~~~~~~~~~~~~~~~~~~~~~~~~~~~~~~~~~~~~~~~~~~~~~
g++ -std=gnu++20 -shared -L/usr/lib/R/lib -Wl,-Bsymbolic-functions -flto=auto -ffat-lto-objects -flto=auto -Wl,-z,relro -o multicool.so RcppExports.o compositions.o multicool.o -L/usr/lib/R/lib -lR
installing to /home/gueguema/Documents/_PACKAGES/biomod2/Library/00LOCK-multicool/00new/multicool/libs
** R
** byte-compile and prepare package for lazy loading
** help
*** installing help indices
** building package indices
** testing if installed package can be loaded from temporary location
** checking absolute paths in shared objects and dynamic libraries
** testing if installed package can be loaded from final location
** testing if installed package keeps a record of temporary installation path
* DONE (multicool)
