* installing *source* package ‘maps’ ...
** this is package ‘maps’ version ‘3.4.3’
** package ‘maps’ successfully unpacked and MD5 sums checked
** using staged installation
checking for gawk... gawk
configure: creating ./config.status
config.status: creating src/Makefile
** libs
make -f "/usr/lib/R/etc/Makeconf" -f Makefile init.o mapclip.o mapget.o smooth.o thin.o 
make[1] : on entre dans le répertoire « /tmp/RtmpQ8PhSI/R.INSTALL801f79255840/maps/src »
cc -I"/usr/share/R/include" -DNDEBUG       -fpic  -g -O2 -ffile-prefix-map=/build/r-base-oO8drT/r-base-4.6.0=. -fstack-protector-strong -Wformat -Werror=format-security -Wdate-time -D_FORTIFY_SOURCE=2  -c init.c -o init.o
cc -I"/usr/share/R/include" -DNDEBUG       -fpic  -g -O2 -ffile-prefix-map=/build/r-base-oO8drT/r-base-4.6.0=. -fstack-protector-strong -Wformat -Werror=format-security -Wdate-time -D_FORTIFY_SOURCE=2  -c mapclip.c -o mapclip.o
cc -I"/usr/share/R/include" -DNDEBUG       -fpic  -g -O2 -ffile-prefix-map=/build/r-base-oO8drT/r-base-4.6.0=. -fstack-protector-strong -Wformat -Werror=format-security -Wdate-time -D_FORTIFY_SOURCE=2  -c mapget.c -o mapget.o
cc -I"/usr/share/R/include" -DNDEBUG       -fpic  -g -O2 -ffile-prefix-map=/build/r-base-oO8drT/r-base-4.6.0=. -fstack-protector-strong -Wformat -Werror=format-security -Wdate-time -D_FORTIFY_SOURCE=2  -c smooth.c -o smooth.o
cc -I"/usr/share/R/include" -DNDEBUG       -fpic  -g -O2 -ffile-prefix-map=/build/r-base-oO8drT/r-base-4.6.0=. -fstack-protector-strong -Wformat -Werror=format-security -Wdate-time -D_FORTIFY_SOURCE=2  -c thin.c -o thin.o
make[1] : on quitte le répertoire « /tmp/RtmpQ8PhSI/R.INSTALL801f79255840/maps/src »
"/usr/lib/R/bin/R" CMD SHLIB -o maps.so init.o mapclip.o mapget.o smooth.o thin.o 
make[1] : on entre dans le répertoire « /tmp/RtmpQ8PhSI/R.INSTALL801f79255840/maps/src »
cc -shared -L/usr/lib/R/lib -Wl,-Bsymbolic-functions -flto=auto -ffat-lto-objects -flto=auto -Wl,-z,relro -o maps.so init.o mapclip.o mapget.o smooth.o thin.o -L/usr/lib/R/lib -lR
make[1] : on quitte le répertoire « /tmp/RtmpQ8PhSI/R.INSTALL801f79255840/maps/src »
make -f "/usr/lib/R/etc/Makeconf" -f Makefile Gmake
make[1] : on entre dans le répertoire « /tmp/RtmpQ8PhSI/R.INSTALL801f79255840/maps/src »
cc -g -O2 -ffile-prefix-map=/build/r-base-oO8drT/r-base-4.6.0=. -fstack-protector-strong -Wformat -Werror=format-security -Wdate-time -D_FORTIFY_SOURCE=2   -Wl,-Bsymbolic-functions -flto=auto -ffat-lto-objects -flto=auto -Wl,-z,relro  Gmake.c   -o Gmake
make[1] : on quitte le répertoire « /tmp/RtmpQ8PhSI/R.INSTALL801f79255840/maps/src »
make -f "/usr/lib/R/etc/Makeconf" -f Makefile Lmake
make[1] : on entre dans le répertoire « /tmp/RtmpQ8PhSI/R.INSTALL801f79255840/maps/src »
cc -g -O2 -ffile-prefix-map=/build/r-base-oO8drT/r-base-4.6.0=. -fstack-protector-strong -Wformat -Werror=format-security -Wdate-time -D_FORTIFY_SOURCE=2   -Wl,-Bsymbolic-functions -flto=auto -ffat-lto-objects -flto=auto -Wl,-z,relro  Lmake.c   -o Lmake
make[1] : on quitte le répertoire « /tmp/RtmpQ8PhSI/R.INSTALL801f79255840/maps/src »
make -f "/usr/lib/R/etc/Makeconf" -f Makefile world2.line
make[1] : on entre dans le répertoire « /tmp/RtmpQ8PhSI/R.INSTALL801f79255840/maps/src »
Converting world to world2
gawk -f ./convert.awk < world.line > world2.line
make[1] : on quitte le répertoire « /tmp/RtmpQ8PhSI/R.INSTALL801f79255840/maps/src »
make -f "/usr/lib/R/etc/Makeconf" -f Makefile county.L state.L usa.L nz.L world.L world2.L italy.L france.L state.vbm.L state.carto.L lakes.L
make[1] : on entre dans le répertoire « /tmp/RtmpQ8PhSI/R.INSTALL801f79255840/maps/src »
./Lmake 0 s b county.line county.linestats ../inst/mapdata/county.L
./Lmake 0 s b state.line state.linestats ../inst/mapdata/state.L
./Lmake 0 s b usa.line usa.linestats ../inst/mapdata/usa.L
./Lmake 0 s b nz.line nz.linestats ../inst/mapdata/nz.L
./Lmake 0 s b world.line world.linestats ../inst/mapdata/world.L
./Lmake 0 s b world2.line world2.linestats ../inst/mapdata/world2.L
./Lmake 0 s b italy.line italy.linestats ../inst/mapdata/italy.L
./Lmake 0 s b france.line france.linestats ../inst/mapdata/france.L
./Lmake 0 p b state.vbm.line state.vbm.linestats ../inst/mapdata/state.vbm.L
./Lmake 0 p b state.carto.line state.carto.linestats ../inst/mapdata/state.carto.L
./Lmake 0 s b lakes.line lakes.linestats ../inst/mapdata/lakes.L
make[1] : on quitte le répertoire « /tmp/RtmpQ8PhSI/R.INSTALL801f79255840/maps/src »
make -f "/usr/lib/R/etc/Makeconf" -f Makefile county.G state.G usa.G nz.G world.G world2.G italy.G france.G state.vbm.G state.carto.G lakes.G
make[1] : on entre dans le répertoire « /tmp/RtmpQ8PhSI/R.INSTALL801f79255840/maps/src »
./Gmake b county.gon county.gonstats ../inst/mapdata/county.G ../inst/mapdata/county.L
./Gmake b state.gon state.gonstats ../inst/mapdata/state.G ../inst/mapdata/state.L
./Gmake b usa.gon usa.gonstats ../inst/mapdata/usa.G ../inst/mapdata/usa.L
./Gmake b nz.gon nz.gonstats ../inst/mapdata/nz.G ../inst/mapdata/nz.L
./Gmake b world.gon world.gonstats ../inst/mapdata/world.G ../inst/mapdata/world.L
./Gmake b world2.gon world2.gonstats ../inst/mapdata/world2.G ../inst/mapdata/world2.L
./Gmake b italy.gon italy.gonstats ../inst/mapdata/italy.G ../inst/mapdata/italy.L
./Gmake b france.gon france.gonstats ../inst/mapdata/france.G ../inst/mapdata/france.L
./Gmake b state.vbm.gon state.vbm.gonstats ../inst/mapdata/state.vbm.G ../inst/mapdata/state.vbm.L
./Gmake b state.carto.gon state.carto.gonstats ../inst/mapdata/state.carto.G ../inst/mapdata/state.carto.L
./Gmake b lakes.gon lakes.gonstats ../inst/mapdata/lakes.G ../inst/mapdata/lakes.L
make[1] : on quitte le répertoire « /tmp/RtmpQ8PhSI/R.INSTALL801f79255840/maps/src »
make -f "/usr/lib/R/etc/Makeconf" -f Makefile county.N state.N usa.N nz.N world.N world2.N italy.N france.N state.vbm.N state.carto.N lakes.N
make[1] : on entre dans le répertoire « /tmp/RtmpQ8PhSI/R.INSTALL801f79255840/maps/src »
make[1] : on quitte le répertoire « /tmp/RtmpQ8PhSI/R.INSTALL801f79255840/maps/src »
installing to /home/gueguema/Documents/_PACKAGES/biomod2/Library/00LOCK-maps/00new/maps/libs
** R
** data
*** moving datasets to lazyload DB
** inst
** byte-compile and prepare package for lazy loading
** help
*** installing help indices
** building package indices
** testing if installed package can be loaded from temporary location
** checking absolute paths in shared objects and dynamic libraries
** testing if installed package can be loaded from final location
** testing if installed package keeps a record of temporary installation path
* DONE (maps)
